<?xml version="1.0" encoding="UTF-8"?>
<!-- Generated by org.testng.reporters.JUnitXMLReporter -->
<testsuite ignored="2" hostname="IZLAP2023-040" failures="3" tests="21" name="Run Test script for Trouble Ticketing" time="767.295" errors="0" timestamp="2026-02-03T16:52:38 IST">
  <testcase classname="testCases.clients.Tawal.TheTroubleTicketing" name="aVerifySetup" time="3.592"/>
  <testcase classname="testCases.clients.Tawal.TheTroubleTicketing" name="testLogin" time="6.064"/>
  <testcase classname="testCases.clients.Tawal.TheTroubleTicketing" name="verifySiteIdAutoFilled" time="27.389"/>
  <testcase classname="testCases.clients.Tawal.TheTroubleTicketing" name="addTroubleTicket" time="30.406"/>
  <testcase classname="testCases.clients.Tawal.TheTroubleTicketing" name="addTroubleTicket" time="21.675"/>
  <testcase classname="testCases.clients.Tawal.TheTroubleTicketing" name="testLoginToAssignUser" time="22.804"/>
  <testcase classname="testCases.clients.Tawal.TheTroubleTicketing" name="updateETAndETR" time="57.746"/>
  <testcase classname="testCases.clients.Tawal.TheTroubleTicketing" name="testLoginToReassignUser" time="70.021">
    <failure type="org.openqa.selenium.TimeoutException" message="Expected condition failed: waiting for element to be clickable: By.xpath: //a[text()=&amp;apos;Logout&amp;apos;] (tried for 60 second(s) with 500 milliseconds interval)
Build info: version: &amp;apos;4.35.0&amp;apos;, revision: &amp;apos;1c58e5028b&amp;apos;
System info: os.name: &amp;apos;Windows 11&amp;apos;, os.arch: &amp;apos;amd64&amp;apos;, os.version: &amp;apos;10.0&amp;apos;, java.version: &amp;apos;17.0.12&amp;apos;
Driver info: org.openqa.selenium.chrome.ChromeDriver
Capabilities {acceptInsecureCerts: true, browserName: chrome, browserVersion: 144.0.7559.110, chrome: {chromedriverVersion: 144.0.7559.109 (6a8d5e49388..., userDataDir: C:\Users\SAURAB~1.ING\AppDa...}, fedcm:accounts: true, goog:chromeOptions: {debuggerAddress: localhost:60986}, goog:processID: 32148, networkConnectionEnabled: false, pageLoadStrategy: normal, platformName: windows, proxy: Proxy(), se:cdp: ws://localhost:60986/devtoo..., se:cdpVersion: 144.0.7559.110, setWindowRect: true, strictFileInteractability: false, timeouts: {implicit: 0, pageLoad: 300000, script: 30000}, unhandledPromptBehavior: dismiss and notify, webauthn:extension:credBlob: true, webauthn:extension:largeBlob: true, webauthn:extension:minPinLength: true, webauthn:extension:prf: true, webauthn:virtualAuthenticators: true}
Session ID: 6a148a0b207b4ab891a5268edccb1916">
      <![CDATA[org.openqa.selenium.TimeoutException: Expected condition failed: waiting for element to be clickable: By.xpath: //a[text()='Logout'] (tried for 60 second(s) with 500 milliseconds interval)
Build info: version: '4.35.0', revision: '1c58e5028b'
System info: os.name: 'Windows 11', os.arch: 'amd64', os.version: '10.0', java.version: '17.0.12'
Driver info: org.openqa.selenium.chrome.ChromeDriver
Capabilities {acceptInsecureCerts: true, browserName: chrome, browserVersion: 144.0.7559.110, chrome: {chromedriverVersion: 144.0.7559.109 (6a8d5e49388..., userDataDir: C:\Users\SAURAB~1.ING\AppDa...}, fedcm:accounts: true, goog:chromeOptions: {debuggerAddress: localhost:60986}, goog:processID: 32148, networkConnectionEnabled: false, pageLoadStrategy: normal, platformName: windows, proxy: Proxy(), se:cdp: ws://localhost:60986/devtoo..., se:cdpVersion: 144.0.7559.110, setWindowRect: true, strictFileInteractability: false, timeouts: {implicit: 0, pageLoad: 300000, script: 30000}, unhandledPromptBehavior: dismiss and notify, webauthn:extension:credBlob: true, webauthn:extension:largeBlob: true, webauthn:extension:minPinLength: true, webauthn:extension:prf: true, webauthn:virtualAuthenticators: true}
Session ID: 6a148a0b207b4ab891a5268edccb1916
at org.openqa.selenium.support.ui.WebDriverWait.timeoutException(WebDriverWait.java:84)
at org.openqa.selenium.support.ui.FluentWait.until(FluentWait.java:228)
at pages.AllClientsBasePages.BasePage.click(BasePage.java:234)
at pages.iTower_Tawal.TroubleTicketingPage.performLogout(TroubleTicketingPage.java:3015)
at testCases.clients.Tawal.TheTroubleTicketing.testLoginToReassignUser(TheTroubleTicketing.java:94)
at java.base/java.util.ArrayList.forEach(ArrayList.java:1511)
... Removed 31 stack frames]]>
    </failure>
  </testcase> <!-- testLoginToReassignUser -->
  <testcase classname="testCases.clients.Tawal.TheTroubleTicketing" name="verifyTicketIsResolved" time="112.67"/>
  <testcase classname="testCases.clients.Tawal.TheTroubleTicketing" name="verifyTicketIsResolved" time="103.599"/>
  <testcase classname="testCases.clients.Tawal.TheTroubleTicketing" name="testLoginToTTclosureOrCreater" time="6.479"/>
  <testcase classname="testCases.clients.Tawal.TheTroubleTicketing" name="verifyTicketIsClosed" time="30.536">
    <failure type="java.lang.AssertionError" message="expected [true] but found [false]">
      <![CDATA[java.lang.AssertionError: expected [true] but found [false]
at pages.iTower_Tawal.TroubleTicketingPage.handleClosedTicket(TroubleTicketingPage.java:1548)
at testCases.clients.Tawal.TheTroubleTicketing.verifyTicketIsClosed(TheTroubleTicketing.java:131)
at java.base/java.util.ArrayList.forEach(ArrayList.java:1511)
... Removed 35 stack frames]]>
    </failure>
  </testcase> <!-- verifyTicketIsClosed -->
  <testcase classname="testCases.clients.Tawal.TheTroubleTicketing" name="verifyResolvedToAssignStatus" time="45.663"/>
  <testcase classname="testCases.clients.Tawal.TheTroubleTicketing" name="sortingFunctionalitiesOnDataGridUI" time="27.369"/>
  <testcase classname="testCases.clients.Tawal.TheTroubleTicketing" name="paginationFunctionalitiesOnDataGridUI" time="29.489"/>
  <testcase classname="testCases.clients.Tawal.TheTroubleTicketing" name="testFilterFunctionalitiesOnTroubleTicket" time="36.419"/>
  <testcase classname="testCases.clients.Tawal.TheTroubleTicketing" name="verifySaveFilter" time="17.881"/>
  <testcase classname="testCases.clients.Tawal.TheTroubleTicketing" name="verifyRefreshButton" time="11.887"/>
  <testcase classname="testCases.clients.Tawal.TheTroubleTicketing" name="verifyFullScreenMode" time="6.804"/>
  <testcase classname="testCases.clients.Tawal.TheTroubleTicketing" name="RMSDataOnAlarmNameColumn" time="12.993">
    <failure type="org.openqa.selenium.ElementClickInterceptedException" message="element click intercepted: Element &amp;lt;input type=&amp;quot;text&amp;quot; id=&amp;quot;txtFromDate&amp;quot; placeholder=&amp;quot;From Date&amp;quot; class=&amp;quot;form-control&amp;quot; autocomplete=&amp;quot;off&amp;quot; style=&amp;quot;width: 150px&amp;quot; tabindex=&amp;quot;12&amp;quot;&amp;gt; is not clickable at point (1473, 180). Other element would receive the click: &amp;lt;div class=&amp;quot;outer-layout pt-2 ng-scope&amp;quot;&amp;gt;...&amp;lt;/div&amp;gt;
  (Session info: chrome=144.0.7559.110)
Build info: version: &amp;apos;4.35.0&amp;apos;, revision: &amp;apos;1c58e5028b&amp;apos;
System info: os.name: &amp;apos;Windows 11&amp;apos;, os.arch: &amp;apos;amd64&amp;apos;, os.version: &amp;apos;10.0&amp;apos;, java.version: &amp;apos;17.0.12&amp;apos;
Driver info: org.openqa.selenium.chrome.ChromeDriver
Command: [6a148a0b207b4ab891a5268edccb1916, clickElement {id=f.CEE53E2D7718CDEADA59FAFF884FCA7A.d.B23B1DFA208A38CC09838A3297955DAA.e.16989}]
Capabilities {acceptInsecureCerts: true, browserName: chrome, browserVersion: 144.0.7559.110, chrome: {chromedriverVersion: 144.0.7559.109 (6a8d5e49388..., userDataDir: C:\Users\SAURAB~1.ING\AppDa...}, fedcm:accounts: true, goog:chromeOptions: {debuggerAddress: localhost:60986}, goog:processID: 32148, networkConnectionEnabled: false, pageLoadStrategy: normal, platformName: windows, proxy: Proxy(), se:cdp: ws://localhost:60986/devtoo..., se:cdpVersion: 144.0.7559.110, setWindowRect: true, strictFileInteractability: false, timeouts: {implicit: 0, pageLoad: 300000, script: 30000}, unhandledPromptBehavior: dismiss and notify, webauthn:extension:credBlob: true, webauthn:extension:largeBlob: true, webauthn:extension:minPinLength: true, webauthn:extension:prf: true, webauthn:virtualAuthenticators: true}
Element: [[ChromeDriver: chrome on windows (6a148a0b207b4ab891a5268edccb1916)] -&amp;gt; id: txtFromDate]
Session ID: 6a148a0b207b4ab891a5268edccb1916">
      <![CDATA[org.openqa.selenium.ElementClickInterceptedException: element click intercepted: Element <input type="text" id="txtFromDate" placeholder="From Date" class="form-control" autocomplete="off" style="width: 150px" tabindex="12"> is not clickable at point (1473, 180). Other element would receive the click: <div class="outer-layout pt-2 ng-scope">...</div>
  (Session info: chrome=144.0.7559.110)
Build info: version: '4.35.0', revision: '1c58e5028b'
System info: os.name: 'Windows 11', os.arch: 'amd64', os.version: '10.0', java.version: '17.0.12'
Driver info: org.openqa.selenium.chrome.ChromeDriver
Command: [6a148a0b207b4ab891a5268edccb1916, clickElement {id=f.CEE53E2D7718CDEADA59FAFF884FCA7A.d.B23B1DFA208A38CC09838A3297955DAA.e.16989}]
Capabilities {acceptInsecureCerts: true, browserName: chrome, browserVersion: 144.0.7559.110, chrome: {chromedriverVersion: 144.0.7559.109 (6a8d5e49388..., userDataDir: C:\Users\SAURAB~1.ING\AppDa...}, fedcm:accounts: true, goog:chromeOptions: {debuggerAddress: localhost:60986}, goog:processID: 32148, networkConnectionEnabled: false, pageLoadStrategy: normal, platformName: windows, proxy: Proxy(), se:cdp: ws://localhost:60986/devtoo..., se:cdpVersion: 144.0.7559.110, setWindowRect: true, strictFileInteractability: false, timeouts: {implicit: 0, pageLoad: 300000, script: 30000}, unhandledPromptBehavior: dismiss and notify, webauthn:extension:credBlob: true, webauthn:extension:largeBlob: true, webauthn:extension:minPinLength: true, webauthn:extension:prf: true, webauthn:virtualAuthenticators: true}
Element: [[ChromeDriver: chrome on windows (6a148a0b207b4ab891a5268edccb1916)] -> id: txtFromDate]
Session ID: 6a148a0b207b4ab891a5268edccb1916
at org.openqa.selenium.remote.ErrorCodec.decode(ErrorCodec.java:167)
at org.openqa.selenium.remote.codec.w3c.W3CHttpResponseCodec.decode(W3CHttpResponseCodec.java:138)
at org.openqa.selenium.remote.codec.w3c.W3CHttpResponseCodec.decode(W3CHttpResponseCodec.java:50)
at org.openqa.selenium.remote.HttpCommandExecutor.execute(HttpCommandExecutor.java:215)
at org.openqa.selenium.remote.service.DriverCommandExecutor.invokeExecute(DriverCommandExecutor.java:216)
at org.openqa.selenium.remote.service.DriverCommandExecutor.execute(DriverCommandExecutor.java:174)
at org.openqa.selenium.remote.RemoteWebDriver.execute(RemoteWebDriver.java:557)
at org.openqa.selenium.remote.RemoteWebElement.execute(RemoteWebElement.java:223)
at org.openqa.selenium.remote.RemoteWebElement.click(RemoteWebElement.java:76)
at pages.AllClientsBasePages.BasePage.click(BasePage.java:232)
at pages.AllClientsBasePages.BasePage.handleCalenderOnTroubleTicket(BasePage.java:671)
at pages.iTower_Tawal.TroubleTicketingPage.RMSDataForTicketIdShouldReflectOnAlarmDescHover(TroubleTicketingPage.java:1990)
at testCases.clients.Tawal.TheTroubleTicketing.RMSDataOnAlarmNameColumn(TheTroubleTicketing.java:236)
at java.base/java.util.ArrayList.forEach(ArrayList.java:1511)
... Removed 36 stack frames]]>
    </failure>
  </testcase> <!-- RMSDataOnAlarmNameColumn -->
  <testcase classname="testCases.clients.Tawal.TheTroubleTicketing" name="verifyDataInSLAReport" time="13.422"/>
  <testcase classname="testCases.clients.Tawal.TheTroubleTicketing" name="verifyResolvedTheRTTSticket" time="0.0">
    <ignored/>
  </testcase> <!-- verifyResolvedTheRTTSticket -->
  <testcase classname="testCases.clients.Tawal.TheTroubleTicketing" name="verifyClosedTheRTTSticket" time="0.0">
    <ignored/>
  </testcase> <!-- verifyClosedTheRTTSticket -->
</testsuite> <!-- Run Test script for Trouble Ticketing -->
