<?xml version="1.0" encoding="UTF-8"?>
<!-- Generated by org.testng.reporters.JUnitXMLReporter -->
<testsuite ignored="16" hostname="IZLAP2023-040" failures="0" tests="2" name="Default test" time="76.154" errors="0" timestamp="2026-02-15T20:05:14 IST">
  <testcase classname="testCases.clients.Tawal.TheSiteActivity" name="testLogin" time="22.808"/>
  <testcase classname="testCases.clients.Tawal.TheSiteActivity" name="bulkUploadSchedulePMActivity" time="51.003"/>
  <testcase classname="testCases.clients.Tawal.TheSiteActivity" name="testFilterFunctionalitiesOnSiteActivityReport" time="0.0">
    <ignored/>
  </testcase> <!-- testFilterFunctionalitiesOnSiteActivityReport -->
  <testcase classname="testCases.clients.Tawal.TheSiteActivity" name="verifyPMForDone" time="0.0">
    <ignored/>
  </testcase> <!-- verifyPMForDone -->
  <testcase classname="testCases.clients.Tawal.TheSiteActivity" name="verifyActivityReport" time="0.0">
    <ignored/>
  </testcase> <!-- verifyActivityReport -->
  <testcase classname="testCases.clients.Tawal.TheSiteActivity" name="performRejectActivity" time="0.0">
    <ignored/>
  </testcase> <!-- performRejectActivity -->
  <testcase classname="testCases.clients.Tawal.TheSiteActivity" name="deleteSchedulePMActivity" time="0.0">
    <ignored/>
  </testcase> <!-- deleteSchedulePMActivity -->
  <testcase classname="testCases.clients.Tawal.TheSiteActivity" name="verifyPagination" time="0.0">
    <ignored/>
  </testcase> <!-- verifyPagination -->
  <testcase classname="testCases.clients.Tawal.TheSiteActivity" name="rescheduleActivity" time="0.0">
    <ignored/>
  </testcase> <!-- rescheduleActivity -->
  <testcase classname="testCases.clients.Tawal.TheSiteActivity" name="verifyImagesAndTags" time="0.0">
    <ignored/>
  </testcase> <!-- verifyImagesAndTags -->
  <testcase classname="testCases.clients.Tawal.TheSiteActivity" name="performDirectReject" time="0.0">
    <ignored/>
  </testcase> <!-- performDirectReject -->
  <testcase classname="testCases.clients.Tawal.TheSiteActivity" name="testFilterFunctionalitiesOnScheduledActivities" time="0.0">
    <ignored/>
  </testcase> <!-- testFilterFunctionalitiesOnScheduledActivities -->
  <testcase classname="testCases.clients.Tawal.TheSiteActivity" name="testLoginToReviewUser" time="0.0">
    <ignored/>
  </testcase> <!-- testLoginToReviewUser -->
  <testcase classname="testCases.clients.Tawal.TheSiteActivity" name="performDirectApprove" time="0.0">
    <ignored/>
  </testcase> <!-- performDirectApprove -->
  <testcase classname="testCases.clients.Tawal.TheSiteActivity" name="performApproveActivity" time="0.0">
    <ignored/>
  </testcase> <!-- performApproveActivity -->
  <testcase classname="testCases.clients.Tawal.TheSiteActivity" name="scheduleNewActivity" time="0.0">
    <ignored/>
  </testcase> <!-- scheduleNewActivity -->
  <testcase classname="testCases.clients.Tawal.TheSiteActivity" name="verifySorting" time="0.0">
    <ignored/>
  </testcase> <!-- verifySorting -->
  <testcase classname="testCases.clients.Tawal.TheSiteActivity" name="testLogin2" time="0.0">
    <ignored/>
  </testcase> <!-- testLogin2 -->
</testsuite> <!-- Default test -->
