<html>
<head>
<title>TestNG:  Run Test script for Troubl Ticketing</title>
<link href="../testng.css" rel="stylesheet" type="text/css" />
<link href="../my-testng.css" rel="stylesheet" type="text/css" />

<style type="text/css">
.log { display: none;} 
.stack-trace { display: none;} 
</style>
<script type="text/javascript">
<!--
function flip(e) {
  current = e.style.display;
  if (current == 'block') {
    e.style.display = 'none';
    return 0;
  }
  else {
    e.style.display = 'block';
    return 1;
  }
}

function toggleBox(szDivId, elem, msg1, msg2)
{
  var res = -1;  if (document.getElementById) {
    res = flip(document.getElementById(szDivId));
  }
  else if (document.all) {
    // this is the way old msie versions work
    res = flip(document.all[szDivId]);
  }
  if(elem) {
    if(res == 0) elem.innerHTML = msg1; else elem.innerHTML = msg2;
  }

}

function toggleAllBoxes() {
  if (document.getElementsByTagName) {
    d = document.getElementsByTagName('div');
    for (i = 0; i < d.length; i++) {
      if (d[i].className == 'log') {
        flip(d[i]);
      }
    }
  }
}

// -->
</script>

</head>
<body>
<h2 align='center'>Run Test script for Troubl Ticketing</h2><table border='1' align="center">
<tr>
<td>Tests passed/Failed/Skipped:</td><td>25/3/0</td>
</tr><tr>
<td>Started on:</td><td>Tue Feb 03 13:54:13 IST 2026</td>
</tr>
<tr><td>Total time:</td><td>1005 seconds (1005838 ms)</td>
</tr><tr>
<td>Included groups:</td><td></td>
</tr><tr>
<td>Excluded groups:</td><td></td>
</tr>
</table><p/>
<small><i>(Hover the method name to see the test class name)</i></small><p/>
<table width='100%' border='1' class='invocation-failed'>
<tr><td colspan='4' align='center'><b>FAILED TESTS</b></td></tr>
<tr><td><b>Test method</b></td>
<td><b>Attribute(s)</b></td>
<td width="30%"><b>Exception</b></td>
<td width="10%"><b>Time (seconds)</b></td>
<td><b>Instance</b></td>
</tr>
<tr>
<td title='testCases.clients.Tawal.TheTroubleTicketing.verifyResolvedTheRTTSticket()'><b>verifyResolvedTheRTTSticket</b><br>Test class: testCases.clients.Tawal.TheTroubleTicketing<br>Parameters: ZRY336, Final</td>
<td><div><pre>org.openqa.selenium.TimeoutException: Expected condition failed: waiting for element to be clickable: By.xpath: //li[@class=&apos;statusReasonRTTS&apos;]//button[@type=&apos;button&apos;] (tried for 60 second(s) with 500 milliseconds interval)
Build info: version: &apos;4.35.0&apos;, revision: &apos;1c58e5028b&apos;
System info: os.name: &apos;Windows 11&apos;, os.arch: &apos;amd64&apos;, os.version: &apos;10.0&apos;, java.version: &apos;23.0.2&apos;
Driver info: org.openqa.selenium.chrome.ChromeDriver
Capabilities {acceptInsecureCerts: true, browserName: chrome, browserVersion: 144.0.7559.110, chrome: {chromedriverVersion: 144.0.7559.109 (6a8d5e49388..., userDataDir: C:\Users\SAURAB~1.ING\AppDa...}, fedcm:accounts: true, goog:chromeOptions: {debuggerAddress: localhost:49916}, goog:processID: 44160, networkConnectionEnabled: false, pageLoadStrategy: normal, platformName: windows, proxy: Proxy(), se:cdp: ws://localhost:49916/devtoo..., se:cdpVersion: 144.0.7559.110, setWindowRect: true, strictFileInteractability: false, timeouts: {implicit: 0, pageLoad: 300000, script: 30000}, unhandledPromptBehavior: dismiss and notify, webauthn:extension:credBlob: true, webauthn:extension:largeBlob: true, webauthn:extension:minPinLength: true, webauthn:extension:prf: true, webauthn:virtualAuthenticators: true}
Session ID: 0370111631448cba11ce8bd8bf27c9be
	at org.openqa.selenium.support.ui.WebDriverWait.timeoutException(WebDriverWait.java:84)
	at org.openqa.selenium.support.ui.FluentWait.until(FluentWait.java:228)
	at pages.AllClientsBasePages.BasePage.click(BasePage.java:234)
	at pages.iTower_Tawal.TroubleTicketingPage.verifyResolvedTheRTTSticket(TroubleTicketingPage.java:3183)
	at testCases.clients.Tawal.TheTroubleTicketing.verifyResolvedTheRTTSticket(TheTroubleTicketing.java:325)
	at java.base/java.util.ArrayList.forEach(ArrayList.java:1597)
... Removed 25 stack frames</pre></div><a href='#' onClick='toggleBox("stack-trace2029193409", this, "Click to show all stack frames", "Click to hide stack frames")'>Click to show all stack frames</a>
<div class='stack-trace' id='stack-trace2029193409'><pre>org.openqa.selenium.TimeoutException: Expected condition failed: waiting for element to be clickable: By.xpath: //li[@class=&apos;statusReasonRTTS&apos;]//button[@type=&apos;button&apos;] (tried for 60 second(s) with 500 milliseconds interval)
Build info: version: &apos;4.35.0&apos;, revision: &apos;1c58e5028b&apos;
System info: os.name: &apos;Windows 11&apos;, os.arch: &apos;amd64&apos;, os.version: &apos;10.0&apos;, java.version: &apos;23.0.2&apos;
Driver info: org.openqa.selenium.chrome.ChromeDriver
Capabilities {acceptInsecureCerts: true, browserName: chrome, browserVersion: 144.0.7559.110, chrome: {chromedriverVersion: 144.0.7559.109 (6a8d5e49388..., userDataDir: C:\Users\SAURAB~1.ING\AppDa...}, fedcm:accounts: true, goog:chromeOptions: {debuggerAddress: localhost:49916}, goog:processID: 44160, networkConnectionEnabled: false, pageLoadStrategy: normal, platformName: windows, proxy: Proxy(), se:cdp: ws://localhost:49916/devtoo..., se:cdpVersion: 144.0.7559.110, setWindowRect: true, strictFileInteractability: false, timeouts: {implicit: 0, pageLoad: 300000, script: 30000}, unhandledPromptBehavior: dismiss and notify, webauthn:extension:credBlob: true, webauthn:extension:largeBlob: true, webauthn:extension:minPinLength: true, webauthn:extension:prf: true, webauthn:virtualAuthenticators: true}
Session ID: 0370111631448cba11ce8bd8bf27c9be
	at org.openqa.selenium.support.ui.WebDriverWait.timeoutException(WebDriverWait.java:84)
	at org.openqa.selenium.support.ui.FluentWait.until(FluentWait.java:228)
	at pages.AllClientsBasePages.BasePage.click(BasePage.java:234)
	at pages.iTower_Tawal.TroubleTicketingPage.verifyResolvedTheRTTSticket(TroubleTicketingPage.java:3183)
	at testCases.clients.Tawal.TheTroubleTicketing.verifyResolvedTheRTTSticket(TheTroubleTicketing.java:325)
	at java.base/jdk.internal.reflect.DirectMethodHandleAccessor.invoke(DirectMethodHandleAccessor.java:103)
	at java.base/java.lang.reflect.Method.invoke(Method.java:580)
	at org.testng.internal.invokers.MethodInvocationHelper.invokeMethod(MethodInvocationHelper.java:141)
	at org.testng.internal.invokers.TestInvoker.invokeMethod(TestInvoker.java:687)
	at org.testng.internal.invokers.TestInvoker.invokeTestMethod(TestInvoker.java:230)
	at org.testng.internal.invokers.MethodRunner.runInSequence(MethodRunner.java:63)
	at org.testng.internal.invokers.TestInvoker$MethodInvocationAgent.invoke(TestInvoker.java:995)
	at org.testng.internal.invokers.TestInvoker.invokeTestMethods(TestInvoker.java:203)
	at org.testng.internal.invokers.TestMethodWorker.invokeTestMethods(TestMethodWorker.java:154)
	at org.testng.internal.invokers.TestMethodWorker.run(TestMethodWorker.java:134)
	at java.base/java.util.ArrayList.forEach(ArrayList.java:1597)
	at org.testng.TestRunner.privateRun(TestRunner.java:741)
	at org.testng.TestRunner.run(TestRunner.java:616)
	at org.testng.SuiteRunner.runTest(SuiteRunner.java:421)
	at org.testng.SuiteRunner.runSequentially(SuiteRunner.java:413)
	at org.testng.SuiteRunner.privateRun(SuiteRunner.java:373)
	at org.testng.SuiteRunner.run(SuiteRunner.java:312)
	at org.testng.SuiteRunnerWorker.runSuite(SuiteRunnerWorker.java:52)
	at org.testng.SuiteRunnerWorker.run(SuiteRunnerWorker.java:95)
	at org.testng.TestNG.runSuitesSequentially(TestNG.java:1274)
	at org.testng.TestNG.runSuitesLocally(TestNG.java:1208)
	at org.testng.TestNG.runSuites(TestNG.java:1112)
	at org.testng.TestNG.run(TestNG.java:1079)
	at org.testng.remote.AbstractRemoteTestNG.run(AbstractRemoteTestNG.java:115)
	at org.testng.remote.RemoteTestNG.initAndRun(RemoteTestNG.java:293)
	at org.testng.remote.RemoteTestNG.main(RemoteTestNG.java:91)
</pre></div></td>
<td>87</td>
<td>testCases.clients.Tawal.TheTroubleTicketing@5eb2172</td></tr>
<tr>
<td title='testCases.clients.Tawal.TheTroubleTicketing.RMSDataOnAlarmNameColumn()'><b>RMSDataOnAlarmNameColumn</b><br>Test class: testCases.clients.Tawal.TheTroubleTicketing<br>Parameters: TT00709198, Manual</td>
<td><div><pre>org.openqa.selenium.ElementClickInterceptedException: element click intercepted: Element &lt;input type=&quot;text&quot; id=&quot;txtFromDate&quot; placeholder=&quot;From Date&quot; class=&quot;form-control&quot; autocomplete=&quot;off&quot; style=&quot;width: 150px&quot; tabindex=&quot;12&quot;&gt; is not clickable at point (1473, 180). Other element would receive the click: &lt;div class=&quot;outer-layout pt-2 ng-scope&quot;&gt;...&lt;/div&gt;
  (Session info: chrome=144.0.7559.110)
Build info: version: &apos;4.35.0&apos;, revision: &apos;1c58e5028b&apos;
System info: os.name: &apos;Windows 11&apos;, os.arch: &apos;amd64&apos;, os.version: &apos;10.0&apos;, java.version: &apos;23.0.2&apos;
Driver info: org.openqa.selenium.chrome.ChromeDriver
Command: [0370111631448cba11ce8bd8bf27c9be, clickElement {id=f.53B31702A83926AEA690167860FD3B85.d.5C216A26AE244047ED0E2909A7F2BEE0.e.17932}]
Capabilities {acceptInsecureCerts: true, browserName: chrome, browserVersion: 144.0.7559.110, chrome: {chromedriverVersion: 144.0.7559.109 (6a8d5e49388..., userDataDir: C:\Users\SAURAB~1.ING\AppDa...}, fedcm:accounts: true, goog:chromeOptions: {debuggerAddress: localhost:49916}, goog:processID: 44160, networkConnectionEnabled: false, pageLoadStrategy: normal, platformName: windows, proxy: Proxy(), se:cdp: ws://localhost:49916/devtoo..., se:cdpVersion: 144.0.7559.110, setWindowRect: true, strictFileInteractability: false, timeouts: {implicit: 0, pageLoad: 300000, script: 30000}, unhandledPromptBehavior: dismiss and notify, webauthn:extension:credBlob: true, webauthn:extension:largeBlob: true, webauthn:extension:minPinLength: true, webauthn:extension:prf: true, webauthn:virtualAuthenticators: true}
Element: [[ChromeDriver: chrome on windows (0370111631448cba11ce8bd8bf27c9be)] -&gt; id: txtFromDate]
Session ID: 0370111631448cba11ce8bd8bf27c9be
	at org.openqa.selenium.remote.ErrorCodec.decode(ErrorCodec.java:167)
	at org.openqa.selenium.remote.codec.w3c.W3CHttpResponseCodec.decode(W3CHttpResponseCodec.java:138)
	at org.openqa.selenium.remote.codec.w3c.W3CHttpResponseCodec.decode(W3CHttpResponseCodec.java:50)
	at org.openqa.selenium.remote.HttpCommandExecutor.execute(HttpCommandExecutor.java:215)
	at org.openqa.selenium.remote.service.DriverCommandExecutor.invokeExecute(DriverCommandExecutor.java:216)
	at org.openqa.selenium.remote.service.DriverCommandExecutor.execute(DriverCommandExecutor.java:174)
	at org.openqa.selenium.remote.RemoteWebDriver.execute(RemoteWebDriver.java:557)
	at org.openqa.selenium.remote.RemoteWebElement.execute(RemoteWebElement.java:223)
	at org.openqa.selenium.remote.RemoteWebElement.click(RemoteWebElement.java:76)
	at pages.AllClientsBasePages.BasePage.click(BasePage.java:232)
	at pages.AllClientsBasePages.BasePage.handleCalenderOnTroubleTicket(BasePage.java:671)
	at pages.iTower_Tawal.TroubleTicketingPage.RMSDataForTicketIdShouldReflectOnAlarmDescHover(TroubleTicketingPage.java:1991)
	at testCases.clients.Tawal.TheTroubleTicketing.RMSDataOnAlarmNameColumn(TheTroubleTicketing.java:228)
	at java.base/java.util.ArrayList.forEach(ArrayList.java:1597)
... Removed 28 stack frames</pre></div><a href='#' onClick='toggleBox("stack-trace12841524", this, "Click to show all stack frames", "Click to hide stack frames")'>Click to show all stack frames</a>
<div class='stack-trace' id='stack-trace12841524'><pre>org.openqa.selenium.ElementClickInterceptedException: element click intercepted: Element &lt;input type=&quot;text&quot; id=&quot;txtFromDate&quot; placeholder=&quot;From Date&quot; class=&quot;form-control&quot; autocomplete=&quot;off&quot; style=&quot;width: 150px&quot; tabindex=&quot;12&quot;&gt; is not clickable at point (1473, 180). Other element would receive the click: &lt;div class=&quot;outer-layout pt-2 ng-scope&quot;&gt;...&lt;/div&gt;
  (Session info: chrome=144.0.7559.110)
Build info: version: &apos;4.35.0&apos;, revision: &apos;1c58e5028b&apos;
System info: os.name: &apos;Windows 11&apos;, os.arch: &apos;amd64&apos;, os.version: &apos;10.0&apos;, java.version: &apos;23.0.2&apos;
Driver info: org.openqa.selenium.chrome.ChromeDriver
Command: [0370111631448cba11ce8bd8bf27c9be, clickElement {id=f.53B31702A83926AEA690167860FD3B85.d.5C216A26AE244047ED0E2909A7F2BEE0.e.17932}]
Capabilities {acceptInsecureCerts: true, browserName: chrome, browserVersion: 144.0.7559.110, chrome: {chromedriverVersion: 144.0.7559.109 (6a8d5e49388..., userDataDir: C:\Users\SAURAB~1.ING\AppDa...}, fedcm:accounts: true, goog:chromeOptions: {debuggerAddress: localhost:49916}, goog:processID: 44160, networkConnectionEnabled: false, pageLoadStrategy: normal, platformName: windows, proxy: Proxy(), se:cdp: ws://localhost:49916/devtoo..., se:cdpVersion: 144.0.7559.110, setWindowRect: true, strictFileInteractability: false, timeouts: {implicit: 0, pageLoad: 300000, script: 30000}, unhandledPromptBehavior: dismiss and notify, webauthn:extension:credBlob: true, webauthn:extension:largeBlob: true, webauthn:extension:minPinLength: true, webauthn:extension:prf: true, webauthn:virtualAuthenticators: true}
Element: [[ChromeDriver: chrome on windows (0370111631448cba11ce8bd8bf27c9be)] -&gt; id: txtFromDate]
Session ID: 0370111631448cba11ce8bd8bf27c9be
	at java.base/jdk.internal.reflect.DirectConstructorHandleAccessor.newInstance(DirectConstructorHandleAccessor.java:62)
	at java.base/java.lang.reflect.Constructor.newInstanceWithCaller(Constructor.java:501)
	at java.base/java.lang.reflect.Constructor.newInstance(Constructor.java:485)
	at org.openqa.selenium.remote.ErrorCodec.decode(ErrorCodec.java:167)
	at org.openqa.selenium.remote.codec.w3c.W3CHttpResponseCodec.decode(W3CHttpResponseCodec.java:138)
	at org.openqa.selenium.remote.codec.w3c.W3CHttpResponseCodec.decode(W3CHttpResponseCodec.java:50)
	at org.openqa.selenium.remote.HttpCommandExecutor.execute(HttpCommandExecutor.java:215)
	at org.openqa.selenium.remote.service.DriverCommandExecutor.invokeExecute(DriverCommandExecutor.java:216)
	at org.openqa.selenium.remote.service.DriverCommandExecutor.execute(DriverCommandExecutor.java:174)
	at org.openqa.selenium.remote.RemoteWebDriver.execute(RemoteWebDriver.java:557)
	at org.openqa.selenium.remote.RemoteWebElement.execute(RemoteWebElement.java:223)
	at org.openqa.selenium.remote.RemoteWebElement.click(RemoteWebElement.java:76)
	at pages.AllClientsBasePages.BasePage.click(BasePage.java:232)
	at pages.AllClientsBasePages.BasePage.handleCalenderOnTroubleTicket(BasePage.java:671)
	at pages.iTower_Tawal.TroubleTicketingPage.RMSDataForTicketIdShouldReflectOnAlarmDescHover(TroubleTicketingPage.java:1991)
	at testCases.clients.Tawal.TheTroubleTicketing.RMSDataOnAlarmNameColumn(TheTroubleTicketing.java:228)
	at java.base/jdk.internal.reflect.DirectMethodHandleAccessor.invoke(DirectMethodHandleAccessor.java:103)
	at java.base/java.lang.reflect.Method.invoke(Method.java:580)
	at org.testng.internal.invokers.MethodInvocationHelper.invokeMethod(MethodInvocationHelper.java:141)
	at org.testng.internal.invokers.TestInvoker.invokeMethod(TestInvoker.java:687)
	at org.testng.internal.invokers.TestInvoker.invokeTestMethod(TestInvoker.java:230)
	at org.testng.internal.invokers.MethodRunner.runInSequence(MethodRunner.java:63)
	at org.testng.internal.invokers.TestInvoker$MethodInvocationAgent.invoke(TestInvoker.java:995)
	at org.testng.internal.invokers.TestInvoker.invokeTestMethods(TestInvoker.java:203)
	at org.testng.internal.invokers.TestMethodWorker.invokeTestMethods(TestMethodWorker.java:154)
	at org.testng.internal.invokers.TestMethodWorker.run(TestMethodWorker.java:134)
	at java.base/java.util.ArrayList.forEach(ArrayList.java:1597)
	at org.testng.TestRunner.privateRun(TestRunner.java:741)
	at org.testng.TestRunner.run(TestRunner.java:616)
	at org.testng.SuiteRunner.runTest(SuiteRunner.java:421)
	at org.testng.SuiteRunner.runSequentially(SuiteRunner.java:413)
	at org.testng.SuiteRunner.privateRun(SuiteRunner.java:373)
	at org.testng.SuiteRunner.run(SuiteRunner.java:312)
	at org.testng.SuiteRunnerWorker.runSuite(SuiteRunnerWorker.java:52)
	at org.testng.SuiteRunnerWorker.run(SuiteRunnerWorker.java:95)
	at org.testng.TestNG.runSuitesSequentially(TestNG.java:1274)
	at org.testng.TestNG.runSuitesLocally(TestNG.java:1208)
	at org.testng.TestNG.runSuites(TestNG.java:1112)
	at org.testng.TestNG.run(TestNG.java:1079)
	at org.testng.remote.AbstractRemoteTestNG.run(AbstractRemoteTestNG.java:115)
	at org.testng.remote.RemoteTestNG.initAndRun(RemoteTestNG.java:293)
	at org.testng.remote.RemoteTestNG.main(RemoteTestNG.java:91)
</pre></div></td>
<td>21</td>
<td>testCases.clients.Tawal.TheTroubleTicketing@5eb2172</td></tr>
<tr>
<td title='testCases.clients.Tawal.TheTroubleTicketing.verifyClosedTheRTTSticket()'><b>verifyClosedTheRTTSticket</b><br>Test class: testCases.clients.Tawal.TheTroubleTicketing<br>Parameters: ZRY336</td>
<td><div><pre>java.lang.AssertionError: expected [Closed] but found [Restored]
	at pages.iTower_Tawal.TroubleTicketingPage.verifyClosedTicket(TroubleTicketingPage.java:3217)
	at testCases.clients.Tawal.TheTroubleTicketing.verifyClosedTheRTTSticket(TheTroubleTicketing.java:335)
	at java.base/java.util.ArrayList.forEach(ArrayList.java:1597)
... Removed 31 stack frames</pre></div><a href='#' onClick='toggleBox("stack-trace1870784667", this, "Click to show all stack frames", "Click to hide stack frames")'>Click to show all stack frames</a>
<div class='stack-trace' id='stack-trace1870784667'><pre>java.lang.AssertionError: expected [Closed] but found [Restored]
	at org.testng.Assert.fail(Assert.java:111)
	at org.testng.Assert.failNotEquals(Assert.java:1590)
	at org.testng.Assert.assertEqualsImpl(Assert.java:150)
	at org.testng.Assert.assertEquals(Assert.java:132)
	at org.testng.Assert.assertEquals(Assert.java:656)
	at org.testng.Assert.assertEquals(Assert.java:666)
	at pages.iTower_Tawal.TroubleTicketingPage.verifyClosedTicket(TroubleTicketingPage.java:3217)
	at testCases.clients.Tawal.TheTroubleTicketing.verifyClosedTheRTTSticket(TheTroubleTicketing.java:335)
	at java.base/jdk.internal.reflect.DirectMethodHandleAccessor.invoke(DirectMethodHandleAccessor.java:103)
	at java.base/java.lang.reflect.Method.invoke(Method.java:580)
	at org.testng.internal.invokers.MethodInvocationHelper.invokeMethod(MethodInvocationHelper.java:141)
	at org.testng.internal.invokers.TestInvoker.invokeMethod(TestInvoker.java:687)
	at org.testng.internal.invokers.TestInvoker.invokeTestMethod(TestInvoker.java:230)
	at org.testng.internal.invokers.MethodRunner.runInSequence(MethodRunner.java:63)
	at org.testng.internal.invokers.TestInvoker$MethodInvocationAgent.invoke(TestInvoker.java:995)
	at org.testng.internal.invokers.TestInvoker.invokeTestMethods(TestInvoker.java:203)
	at org.testng.internal.invokers.TestMethodWorker.invokeTestMethods(TestMethodWorker.java:154)
	at org.testng.internal.invokers.TestMethodWorker.run(TestMethodWorker.java:134)
	at java.base/java.util.ArrayList.forEach(ArrayList.java:1597)
	at org.testng.TestRunner.privateRun(TestRunner.java:741)
	at org.testng.TestRunner.run(TestRunner.java:616)
	at org.testng.SuiteRunner.runTest(SuiteRunner.java:421)
	at org.testng.SuiteRunner.runSequentially(SuiteRunner.java:413)
	at org.testng.SuiteRunner.privateRun(SuiteRunner.java:373)
	at org.testng.SuiteRunner.run(SuiteRunner.java:312)
	at org.testng.SuiteRunnerWorker.runSuite(SuiteRunnerWorker.java:52)
	at org.testng.SuiteRunnerWorker.run(SuiteRunnerWorker.java:95)
	at org.testng.TestNG.runSuitesSequentially(TestNG.java:1274)
	at org.testng.TestNG.runSuitesLocally(TestNG.java:1208)
	at org.testng.TestNG.runSuites(TestNG.java:1112)
	at org.testng.TestNG.run(TestNG.java:1079)
	at org.testng.remote.AbstractRemoteTestNG.run(AbstractRemoteTestNG.java:115)
	at org.testng.remote.RemoteTestNG.initAndRun(RemoteTestNG.java:293)
	at org.testng.remote.RemoteTestNG.main(RemoteTestNG.java:91)
</pre></div></td>
<td>31</td>
<td>testCases.clients.Tawal.TheTroubleTicketing@5eb2172</td></tr>
</table><p>
<table width='100%' border='1' class='invocation-passed'>
<tr><td colspan='4' align='center'><b>PASSED TESTS</b></td></tr>
<tr><td><b>Test method</b></td>
<td><b>Attribute(s)</b></td>
<td width="30%"><b>Exception</b></td>
<td width="10%"><b>Time (seconds)</b></td>
<td><b>Instance</b></td>
</tr>
<tr>
<td title='testCases.clients.Tawal.TheTroubleTicketing.testLogin()'><b>testLogin</b><br>Test class: testCases.clients.Tawal.TheTroubleTicketing<br>Parameters: Tawal, superadmin, m</td>
<td></td>
<td>12</td>
<td>testCases.clients.Tawal.TheTroubleTicketing@5eb2172</td></tr>
<tr>
<td title='testCases.clients.Tawal.TheTroubleTicketing.verifyAssignRTTSToInProgress()'><b>verifyAssignRTTSToInProgress</b><br>Test class: testCases.clients.Tawal.TheTroubleTicketing<br>Parameters: ZRY336</td>
<td></td>
<td>50</td>
<td>testCases.clients.Tawal.TheTroubleTicketing@5eb2172</td></tr>
<tr>
<td title='testCases.clients.Tawal.TheTroubleTicketing.distanceValueBasedOnUserLatAndUserLong()'><b>distanceValueBasedOnUserLatAndUserLong</b><br>Test class: testCases.clients.Tawal.TheTroubleTicketing</td>
<td></td>
<td>42</td>
<td>testCases.clients.Tawal.TheTroubleTicketing@5eb2172</td></tr>
<tr>
<td title='testCases.clients.Tawal.TheTroubleTicketing.testLoginToReassignUser()'><b>testLoginToReassignUser</b><br>Test class: testCases.clients.Tawal.TheTroubleTicketing<br>Parameters: superadmin, m</td>
<td></td>
<td>4</td>
<td>testCases.clients.Tawal.TheTroubleTicketing@5eb2172</td></tr>
<tr>
<td title='testCases.clients.Tawal.TheTroubleTicketing.verifyTicketIsClosed()'><b>verifyTicketIsClosed</b><br>Test class: testCases.clients.Tawal.TheTroubleTicketing<br>Parameters: Acu Fault (Itc), 1000135, AC Power Alarm, AC DB Fault, Issue, First</td>
<td></td>
<td>31</td>
<td>testCases.clients.Tawal.TheTroubleTicketing@5eb2172</td></tr>
<tr>
<td title='testCases.clients.Tawal.TheTroubleTicketing.verifyDataInSLAReport()'><b>verifyDataInSLAReport</b><br>Test class: testCases.clients.Tawal.TheTroubleTicketing<br>Parameters: KSA2520, ACES</td>
<td></td>
<td>10</td>
<td>testCases.clients.Tawal.TheTroubleTicketing@5eb2172</td></tr>
<tr>
<td title='testCases.clients.Tawal.TheTroubleTicketing.testLoginToAssignUser()'><b>testLoginToAssignUser</b><br>Test class: testCases.clients.Tawal.TheTroubleTicketing<br>Parameters: superadmin, m</td>
<td></td>
<td>28</td>
<td>testCases.clients.Tawal.TheTroubleTicketing@5eb2172</td></tr>
<tr>
<td title='testCases.clients.Tawal.TheTroubleTicketing.testFilterFunctionalitiesOnTroubleTicket()'><b>testFilterFunctionalitiesOnTroubleTicket</b><br>Test class: testCases.clients.Tawal.TheTroubleTicketing</td>
<td></td>
<td>27</td>
<td>testCases.clients.Tawal.TheTroubleTicketing@5eb2172</td></tr>
<tr>
<td title='testCases.clients.Tawal.TheTroubleTicketing.verifySaveFilter()'><b>verifySaveFilter</b><br>Test class: testCases.clients.Tawal.TheTroubleTicketing</td>
<td></td>
<td>15</td>
<td>testCases.clients.Tawal.TheTroubleTicketing@5eb2172</td></tr>
<tr>
<td title='testCases.clients.Tawal.TheTroubleTicketing.verifyRestoreTheRTTSticket()'><b>verifyRestoreTheRTTSticket</b><br>Test class: testCases.clients.Tawal.TheTroubleTicketing<br>Parameters: ZRY336, Access-Module/Cable, GE/FE-Module/cable Faulty, Test</td>
<td></td>
<td>51</td>
<td>testCases.clients.Tawal.TheTroubleTicketing@5eb2172</td></tr>
<tr>
<td title='testCases.clients.Tawal.TheTroubleTicketing.verifyWildSearch()'><b>verifyWildSearch</b><br>Test class: testCases.clients.Tawal.TheTroubleTicketing</td>
<td></td>
<td>34</td>
<td>testCases.clients.Tawal.TheTroubleTicketing@5eb2172</td></tr>
<tr>
<td title='testCases.clients.Tawal.TheTroubleTicketing.verifyTicketIsResolved()'><b>verifyTicketIsResolved</b><br>Test class: testCases.clients.Tawal.TheTroubleTicketing<br>Parameters: Acu Fault (Itc), 1000136, Access-Module/Cable, GE/FE-Module/cable Faulty, Test, Resolved, Second</td>
<td></td>
<td>119</td>
<td>testCases.clients.Tawal.TheTroubleTicketing@5eb2172</td></tr>
<tr>
<td title='testCases.clients.Tawal.TheTroubleTicketing.verifySiteIdAutoFilled()'><b>verifySiteIdAutoFilled</b><br>Test class: testCases.clients.Tawal.TheTroubleTicketing<br>Parameters: ZWJ022</td>
<td></td>
<td>39</td>
<td>testCases.clients.Tawal.TheTroubleTicketing@5eb2172</td></tr>
<tr>
<td title='testCases.clients.Tawal.TheTroubleTicketing.updateETAndETR()'><b>updateETAndETR</b><br>Test class: testCases.clients.Tawal.TheTroubleTicketing<br>Parameters: Acu Fault (Itc), 1000135, 10, 30, 3rd Escalation, reassigned, First</td>
<td></td>
<td>29</td>
<td>testCases.clients.Tawal.TheTroubleTicketing@5eb2172</td></tr>
<tr>
<td title='testCases.clients.Tawal.TheTroubleTicketing.bulkUploadTroubleTicket()'><b>bulkUploadTroubleTicket</b><br>Test class: testCases.clients.Tawal.TheTroubleTicketing<br>Parameters: 1000191</td>
<td></td>
<td>37</td>
<td>testCases.clients.Tawal.TheTroubleTicketing@5eb2172</td></tr>
<tr>
<td title='testCases.clients.Tawal.TheTroubleTicketing.addTroubleTicket()'><b>addTroubleTicket</b><br>Test class: testCases.clients.Tawal.TheTroubleTicketing<br>Parameters: 1000136, Incident, Critical, 3rd Escalation, Acu Fault (Itc), Outage, Second</td>
<td></td>
<td>30</td>
<td>testCases.clients.Tawal.TheTroubleTicketing@5eb2172</td></tr>
<tr>
<td title='testCases.clients.Tawal.TheTroubleTicketing.sortingFunctionalitiesOnDataGridUI()'><b>sortingFunctionalitiesOnDataGridUI</b><br>Test class: testCases.clients.Tawal.TheTroubleTicketing</td>
<td></td>
<td>40</td>
<td>testCases.clients.Tawal.TheTroubleTicketing@5eb2172</td></tr>
<tr>
<td title='testCases.clients.Tawal.TheTroubleTicketing.verifyRefreshButton()'><b>verifyRefreshButton</b><br>Test class: testCases.clients.Tawal.TheTroubleTicketing</td>
<td></td>
<td>13</td>
<td>testCases.clients.Tawal.TheTroubleTicketing@5eb2172</td></tr>
<tr>
<td title='testCases.clients.Tawal.TheTroubleTicketing.verifyTicketIsResolved()'><b>verifyTicketIsResolved</b><br>Test class: testCases.clients.Tawal.TheTroubleTicketing<br>Parameters: Acu Fault (Itc), 1000135, Access-Module/Cable, GE/FE-Module/cable Faulty, Test, Resolved, First</td>
<td></td>
<td>99</td>
<td>testCases.clients.Tawal.TheTroubleTicketing@5eb2172</td></tr>
<tr>
<td title='testCases.clients.Tawal.TheTroubleTicketing.testLoginToTTclosureOrCreater()'><b>testLoginToTTclosureOrCreater</b><br>Test class: testCases.clients.Tawal.TheTroubleTicketing<br>Parameters: superadmin, m</td>
<td></td>
<td>11</td>
<td>testCases.clients.Tawal.TheTroubleTicketing@5eb2172</td></tr>
<tr>
<td title='testCases.clients.Tawal.TheTroubleTicketing.verifyResolvedToAssignStatus()'><b>verifyResolvedToAssignStatus</b><br>Test class: testCases.clients.Tawal.TheTroubleTicketing<br>Parameters: Acu Fault (Itc), 1000136, Second</td>
<td></td>
<td>48</td>
<td>testCases.clients.Tawal.TheTroubleTicketing@5eb2172</td></tr>
<tr>
<td title='testCases.clients.Tawal.TheTroubleTicketing.verifyReferredRTTStoAssign()'><b>verifyReferredRTTStoAssign</b><br>Test class: testCases.clients.Tawal.TheTroubleTicketing<br>Parameters: ZRY336</td>
<td></td>
<td>33</td>
<td>testCases.clients.Tawal.TheTroubleTicketing@5eb2172</td></tr>
<tr>
<td title='testCases.clients.Tawal.TheTroubleTicketing.addTroubleTicket()'><b>addTroubleTicket</b><br>Test class: testCases.clients.Tawal.TheTroubleTicketing<br>Parameters: 1000135, Incident, Critical, 3rd Escalation, Acu Fault (Itc), Outage, First</td>
<td></td>
<td>23</td>
<td>testCases.clients.Tawal.TheTroubleTicketing@5eb2172</td></tr>
<tr>
<td title='testCases.clients.Tawal.TheTroubleTicketing.paginationFunctionalitiesOnDataGridUI()'><b>paginationFunctionalitiesOnDataGridUI</b><br>Test class: testCases.clients.Tawal.TheTroubleTicketing</td>
<td></td>
<td>21</td>
<td>testCases.clients.Tawal.TheTroubleTicketing@5eb2172</td></tr>
<tr>
<td title='testCases.clients.Tawal.TheTroubleTicketing.verifyFullScreenMode()'><b>verifyFullScreenMode</b><br>Test class: testCases.clients.Tawal.TheTroubleTicketing</td>
<td></td>
<td>5</td>
<td>testCases.clients.Tawal.TheTroubleTicketing@5eb2172</td></tr>
</table><p>
</body>
</html>