<?xml version="1.0" encoding="UTF-8"?>
<!-- Generated by org.testng.reporters.JUnitXMLReporter -->
<testsuite ignored="3" hostname="IZLAP2023-040" failures="0" tests="2" name="Run Test Script For closure will be done from RTTS From Postman " time="26.351" errors="0" timestamp="2026-02-03T15:39:54 IST">
  <testcase classname="testCases.clients.Tawal.TheTroubleTicketAPI" name="getTokenAPI" time="0.027"/>
  <testcase classname="testCases.clients.Tawal.TheTroubleTicketAPI" name="TicketUpdateToClose" time="26.311"/>
  <testcase classname="testCases.clients.Tawal.TheTroubleTicketAPI" name="TicketUpdateToReject" time="0.0">
    <ignored/>
  </testcase> <!-- TicketUpdateToReject -->
  <testcase classname="testCases.clients.Tawal.TheTroubleTicketAPI" name="ticketCreationAPI" time="0.0">
    <ignored/>
  </testcase> <!-- ticketCreationAPI -->
  <testcase classname="testCases.clients.Tawal.TheTroubleTicketAPI" name="TicketUpdateToApprove" time="0.0">
    <ignored/>
  </testcase> <!-- TicketUpdateToApprove -->
</testsuite> <!-- Run Test Script For closure will be done from RTTS From Postman  -->
