<?xml version="1.0" encoding="UTF-8"?>
<!-- Generated by org.testng.reporters.JUnitXMLReporter -->
<testsuite ignored="22" hostname="IZLAP2023-040" failures="1" tests="2" name="Run Test script for Trouble Ticketing 2 " time="99.169" errors="0" timestamp="2026-02-02T12:26:32 IST">
  <testcase classname="testCases.clients.Tawal.TheTroubleTicketing" name="testLogin" time="2.316"/>
  <testcase classname="testCases.clients.Tawal.TheTroubleTicketing" name="verifyRestoreTheRTTSticket" time="96.671">
    <failure type="org.openqa.selenium.TimeoutException" message="Expected condition failed: waiting for element to be clickable: By.xpath: //button[@type=&amp;apos;button&amp;apos;]//span[contains(text(),&amp;apos;Select Fault Area Detail&amp;apos;)] (tried for 60 second(s) with 500 milliseconds interval)
Build info: version: &amp;apos;4.35.0&amp;apos;, revision: &amp;apos;1c58e5028b&amp;apos;
System info: os.name: &amp;apos;Windows 11&amp;apos;, os.arch: &amp;apos;amd64&amp;apos;, os.version: &amp;apos;10.0&amp;apos;, java.version: &amp;apos;23.0.2&amp;apos;
Driver info: org.openqa.selenium.chrome.ChromeDriver
Capabilities {acceptInsecureCerts: true, browserName: chrome, browserVersion: 144.0.7559.110, chrome: {chromedriverVersion: 144.0.7559.109 (6a8d5e49388..., userDataDir: C:\Users\SAURAB~1.ING\AppDa...}, fedcm:accounts: true, goog:chromeOptions: {debuggerAddress: localhost:57820}, goog:processID: 13964, networkConnectionEnabled: false, pageLoadStrategy: normal, platformName: windows, proxy: Proxy(), se:cdp: ws://localhost:57820/devtoo..., se:cdpVersion: 144.0.7559.110, setWindowRect: true, strictFileInteractability: false, timeouts: {implicit: 0, pageLoad: 300000, script: 30000}, unhandledPromptBehavior: dismiss and notify, webauthn:extension:credBlob: true, webauthn:extension:largeBlob: true, webauthn:extension:minPinLength: true, webauthn:extension:prf: true, webauthn:virtualAuthenticators: true}
Session ID: 96251041842f967d3657c6fe6bdf6163">
      <![CDATA[org.openqa.selenium.TimeoutException: Expected condition failed: waiting for element to be clickable: By.xpath: //button[@type='button']//span[contains(text(),'Select Fault Area Detail')] (tried for 60 second(s) with 500 milliseconds interval)
Build info: version: '4.35.0', revision: '1c58e5028b'
System info: os.name: 'Windows 11', os.arch: 'amd64', os.version: '10.0', java.version: '23.0.2'
Driver info: org.openqa.selenium.chrome.ChromeDriver
Capabilities {acceptInsecureCerts: true, browserName: chrome, browserVersion: 144.0.7559.110, chrome: {chromedriverVersion: 144.0.7559.109 (6a8d5e49388..., userDataDir: C:\Users\SAURAB~1.ING\AppDa...}, fedcm:accounts: true, goog:chromeOptions: {debuggerAddress: localhost:57820}, goog:processID: 13964, networkConnectionEnabled: false, pageLoadStrategy: normal, platformName: windows, proxy: Proxy(), se:cdp: ws://localhost:57820/devtoo..., se:cdpVersion: 144.0.7559.110, setWindowRect: true, strictFileInteractability: false, timeouts: {implicit: 0, pageLoad: 300000, script: 30000}, unhandledPromptBehavior: dismiss and notify, webauthn:extension:credBlob: true, webauthn:extension:largeBlob: true, webauthn:extension:minPinLength: true, webauthn:extension:prf: true, webauthn:virtualAuthenticators: true}
Session ID: 96251041842f967d3657c6fe6bdf6163
at org.openqa.selenium.support.ui.WebDriverWait.timeoutException(WebDriverWait.java:84)
at org.openqa.selenium.support.ui.FluentWait.until(FluentWait.java:228)
at pages.AllClientsBasePages.BasePage.click(BasePage.java:234)
at pages.iTower_Tawal.TroubleTicketingPage.verifyRestoreTheRTTSticket(TroubleTicketingPage.java:3090)
at testCases.clients.Tawal.TheTroubleTicketing.verifyRestoreTheRTTSticket(TheTroubleTicketing.java:313)
at java.base/java.util.ArrayList.forEach(ArrayList.java:1597)
... Removed 25 stack frames]]>
    </failure>
  </testcase> <!-- verifyRestoreTheRTTSticket -->
  <testcase classname="testCases.clients.Tawal.TheTroubleTicketing" name="testLoginToTTclosureOrCreater" time="0.0">
    <ignored/>
  </testcase> <!-- testLoginToTTclosureOrCreater -->
  <testcase classname="testCases.clients.Tawal.TheTroubleTicketing" name="verifyDataInSLAReport" time="0.0">
    <ignored/>
  </testcase> <!-- verifyDataInSLAReport -->
  <testcase classname="testCases.clients.Tawal.TheTroubleTicketing" name="sortingFunctionalitiesOnDataGridUI" time="0.0">
    <ignored/>
  </testcase> <!-- sortingFunctionalitiesOnDataGridUI -->
  <testcase classname="testCases.clients.Tawal.TheTroubleTicketing" name="verifySaveFilter" time="0.0">
    <ignored/>
  </testcase> <!-- verifySaveFilter -->
  <testcase classname="testCases.clients.Tawal.TheTroubleTicketing" name="RMSDataOnAlarmNameColumn" time="0.0">
    <ignored/>
  </testcase> <!-- RMSDataOnAlarmNameColumn -->
  <testcase classname="testCases.clients.Tawal.TheTroubleTicketing" name="verifyWildSearch" time="0.0">
    <ignored/>
  </testcase> <!-- verifyWildSearch -->
  <testcase classname="testCases.clients.Tawal.TheTroubleTicketing" name="testLoginToReassignUser" time="0.0">
    <ignored/>
  </testcase> <!-- testLoginToReassignUser -->
  <testcase classname="testCases.clients.Tawal.TheTroubleTicketing" name="paginationFunctionalitiesOnDataGridUI" time="0.0">
    <ignored/>
  </testcase> <!-- paginationFunctionalitiesOnDataGridUI -->
  <testcase classname="testCases.clients.Tawal.TheTroubleTicketing" name="verifyReferredRTTStoAssign" time="0.0">
    <ignored/>
  </testcase> <!-- verifyReferredRTTStoAssign -->
  <testcase classname="testCases.clients.Tawal.TheTroubleTicketing" name="verifyTicketIsResolved" time="0.0">
    <ignored/>
  </testcase> <!-- verifyTicketIsResolved -->
  <testcase classname="testCases.clients.Tawal.TheTroubleTicketing" name="distanceValueBasedOnUserLatAndUserLong" time="0.0">
    <ignored/>
  </testcase> <!-- distanceValueBasedOnUserLatAndUserLong -->
  <testcase classname="testCases.clients.Tawal.TheTroubleTicketing" name="bulkUploadTroubleTicket" time="0.0">
    <ignored/>
  </testcase> <!-- bulkUploadTroubleTicket -->
  <testcase classname="testCases.clients.Tawal.TheTroubleTicketing" name="verifyFullScreenMode" time="0.0">
    <ignored/>
  </testcase> <!-- verifyFullScreenMode -->
  <testcase classname="testCases.clients.Tawal.TheTroubleTicketing" name="verifyAssignRTTSToInProgress" time="0.0">
    <ignored/>
  </testcase> <!-- verifyAssignRTTSToInProgress -->
  <testcase classname="testCases.clients.Tawal.TheTroubleTicketing" name="verifyTicketIsClosed" time="0.0">
    <ignored/>
  </testcase> <!-- verifyTicketIsClosed -->
  <testcase classname="testCases.clients.Tawal.TheTroubleTicketing" name="verifyRefreshButton" time="0.0">
    <ignored/>
  </testcase> <!-- verifyRefreshButton -->
  <testcase classname="testCases.clients.Tawal.TheTroubleTicketing" name="verifySiteIdAutoFilled" time="0.0">
    <ignored/>
  </testcase> <!-- verifySiteIdAutoFilled -->
  <testcase classname="testCases.clients.Tawal.TheTroubleTicketing" name="addTroubleTicket" time="0.0">
    <ignored/>
  </testcase> <!-- addTroubleTicket -->
  <testcase classname="testCases.clients.Tawal.TheTroubleTicketing" name="testFilterFunctionalitiesOnTroubleTicket" time="0.0">
    <ignored/>
  </testcase> <!-- testFilterFunctionalitiesOnTroubleTicket -->
  <testcase classname="testCases.clients.Tawal.TheTroubleTicketing" name="updateETAndETR" time="0.0">
    <ignored/>
  </testcase> <!-- updateETAndETR -->
  <testcase classname="testCases.clients.Tawal.TheTroubleTicketing" name="verifyResolvedToAssignStatus" time="0.0">
    <ignored/>
  </testcase> <!-- verifyResolvedToAssignStatus -->
  <testcase classname="testCases.clients.Tawal.TheTroubleTicketing" name="testLoginToAssignUser" time="0.0">
    <ignored/>
  </testcase> <!-- testLoginToAssignUser -->
</testsuite> <!-- Run Test script for Trouble Ticketing 2  -->
