<?xml version="1.0" encoding="UTF-8"?>
<!-- Generated by org.testng.reporters.JUnitXMLReporter -->
<testsuite ignored="2" hostname="IZLAP2023-040" failures="0" tests="27" name="Run Test script for Trouble Ticketing" time="900.43" errors="0" timestamp="2026-02-03T15:37:28 IST">
  <testcase classname="testCases.clients.Tawal.TheTroubleTicketing" name="aVerifySetup" time="2.385"/>
  <testcase classname="testCases.clients.Tawal.TheTroubleTicketing" name="testLogin" time="5.696"/>
  <testcase classname="testCases.clients.Tawal.TheTroubleTicketing" name="verifySiteIdAutoFilled" time="25.589"/>
  <testcase classname="testCases.clients.Tawal.TheTroubleTicketing" name="addTroubleTicket" time="21.621"/>
  <testcase classname="testCases.clients.Tawal.TheTroubleTicketing" name="addTroubleTicket" time="27.658"/>
  <testcase classname="testCases.clients.Tawal.TheTroubleTicketing" name="testLoginToAssignUser" time="5.727"/>
  <testcase classname="testCases.clients.Tawal.TheTroubleTicketing" name="updateETAndETR" time="63.891"/>
  <testcase classname="testCases.clients.Tawal.TheTroubleTicketing" name="testLoginToReassignUser" time="4.047"/>
  <testcase classname="testCases.clients.Tawal.TheTroubleTicketing" name="verifyTicketIsResolved" time="108.652"/>
  <testcase classname="testCases.clients.Tawal.TheTroubleTicketing" name="verifyTicketIsResolved" time="99.711"/>
  <testcase classname="testCases.clients.Tawal.TheTroubleTicketing" name="testLoginToTTclosureOrCreater" time="12.623"/>
  <testcase classname="testCases.clients.Tawal.TheTroubleTicketing" name="verifyTicketIsClosed" time="31.37"/>
  <testcase classname="testCases.clients.Tawal.TheTroubleTicketing" name="verifyResolvedToAssignStatus" time="57.253"/>
  <testcase classname="testCases.clients.Tawal.TheTroubleTicketing" name="sortingFunctionalitiesOnDataGridUI" time="45.037"/>
  <testcase classname="testCases.clients.Tawal.TheTroubleTicketing" name="paginationFunctionalitiesOnDataGridUI" time="22.302"/>
  <testcase classname="testCases.clients.Tawal.TheTroubleTicketing" name="testFilterFunctionalitiesOnTroubleTicket" time="32.521"/>
  <testcase classname="testCases.clients.Tawal.TheTroubleTicketing" name="verifySaveFilter" time="16.026"/>
  <testcase classname="testCases.clients.Tawal.TheTroubleTicketing" name="verifyRefreshButton" time="14.712"/>
  <testcase classname="testCases.clients.Tawal.TheTroubleTicketing" name="verifyFullScreenMode" time="6.194"/>
  <testcase classname="testCases.clients.Tawal.TheTroubleTicketing" name="RMSDataOnAlarmNameColumn" time="32.244"/>
  <testcase classname="testCases.clients.Tawal.TheTroubleTicketing" name="verifyDataInSLAReport" time="11.627"/>
  <testcase classname="testCases.clients.Tawal.TheTroubleTicketing" name="verifyWildSearch" time="52.5"/>
  <testcase classname="testCases.clients.Tawal.TheTroubleTicketing" name="distanceValueBasedOnUserLatAndUserLong" time="43.942"/>
  <testcase classname="testCases.clients.Tawal.TheTroubleTicketing" name="bulkUploadTroubleTicket" time="18.029"/>
  <testcase classname="testCases.clients.Tawal.TheTroubleTicketing" name="verifyReferredRTTStoAssign" time="52.323"/>
  <testcase classname="testCases.clients.Tawal.TheTroubleTicketing" name="verifyAssignRTTSToInProgress" time="49.584"/>
  <testcase classname="testCases.clients.Tawal.TheTroubleTicketing" name="verifyRestoreTheRTTSticket" time="36.879"/>
  <testcase classname="testCases.clients.Tawal.TheTroubleTicketing" name="verifyClosedTheRTTSticket" time="0.0">
    <ignored/>
  </testcase> <!-- verifyClosedTheRTTSticket -->
  <testcase classname="testCases.clients.Tawal.TheTroubleTicketing" name="verifyResolvedTheRTTSticket" time="0.0">
    <ignored/>
  </testcase> <!-- verifyResolvedTheRTTSticket -->
</testsuite> <!-- Run Test script for Trouble Ticketing -->
