<?xml version="1.0" encoding="UTF-8"?>
<!-- Generated by org.testng.reporters.JUnitXMLReporter -->
<testsuite ignored="1" hostname="IZLAP2023-040" failures="0" tests="2" name="Run Test script for Trouble Ticketing " time="10.372" errors="0" timestamp="2026-01-29T17:10:06 IST">
  <testcase classname="testCases.clients.Tawal.TheTroubleTicketAPI" name="getTokenAPI" time="4.249"/>
  <testcase classname="testCases.clients.Tawal.TheTroubleTicketAPI" name="TicketUpdateToReject" time="4.727"/>
  <testcase classname="testCases.clients.Tawal.TheTroubleTicketAPI" name="ticketCreationAPI" time="0.0">
    <ignored/>
  </testcase> <!-- ticketCreationAPI -->
</testsuite> <!-- Run Test script for Trouble Ticketing  -->
