<?xml version="1.0" encoding="UTF-8"?>
<!-- Generated by org.testng.reporters.JUnitXMLReporter -->
<testsuite ignored="3" hostname="IZLAP2023-040" failures="0" tests="2" name="Run Test script for Trouble Ticketing API 2 " time="28.841" errors="0" timestamp="2026-02-02T12:24:53 IST">
  <testcase classname="testCases.clients.Tawal.TheTroubleTicketAPI" name="getTokenAPI" time="0.049"/>
  <testcase classname="testCases.clients.Tawal.TheTroubleTicketAPI" name="TicketUpdateToReject" time="28.769"/>
  <testcase classname="testCases.clients.Tawal.TheTroubleTicketAPI" name="ticketCreationAPI" time="0.0">
    <ignored/>
  </testcase> <!-- ticketCreationAPI -->
  <testcase classname="testCases.clients.Tawal.TheTroubleTicketAPI" name="TicketUpdateToApprove" time="0.0">
    <ignored/>
  </testcase> <!-- TicketUpdateToApprove -->
  <testcase classname="testCases.clients.Tawal.TheTroubleTicketAPI" name="TicketUpdateToClose" time="0.0">
    <ignored/>
  </testcase> <!-- TicketUpdateToClose -->
</testsuite> <!-- Run Test script for Trouble Ticketing API 2  -->
