<?xml version="1.0" encoding="UTF-8"?>
<!-- Generated by org.testng.reporters.JUnitXMLReporter -->
<testsuite ignored="3" hostname="IZLAP2023-040" failures="0" tests="2" name="Run Test Script For After RTTS Ticket Restored then RTTS will Approve From Postman " time="4.357" errors="0" timestamp="2026-02-03T15:38:53 IST">
  <testcase classname="testCases.clients.Tawal.TheTroubleTicketAPI" name="getTokenAPI" time="0.036"/>
  <testcase classname="testCases.clients.Tawal.TheTroubleTicketAPI" name="TicketUpdateToApprove" time="4.31"/>
  <testcase classname="testCases.clients.Tawal.TheTroubleTicketAPI" name="ticketCreationAPI" time="0.0">
    <ignored/>
  </testcase> <!-- ticketCreationAPI -->
  <testcase classname="testCases.clients.Tawal.TheTroubleTicketAPI" name="TicketUpdateToClose" time="0.0">
    <ignored/>
  </testcase> <!-- TicketUpdateToClose -->
  <testcase classname="testCases.clients.Tawal.TheTroubleTicketAPI" name="TicketUpdateToReject" time="0.0">
    <ignored/>
  </testcase> <!-- TicketUpdateToReject -->
</testsuite> <!-- Run Test Script For After RTTS Ticket Restored then RTTS will Approve From Postman  -->
