<?xml version="1.0" encoding="UTF-8"?>
<testng-results ignored="16" total="18" passed="2" failed="0" skipped="0">
  <reporter-output>
  </reporter-output>
  <suite started-at="2026-02-15T20:03:57 IST" name="Default suite" finished-at="2026-02-15T20:05:13 IST" duration-ms="76154">
    <groups>
    </groups>
    <test started-at="2026-02-15T20:03:57 IST" name="Default test" finished-at="2026-02-15T20:05:13 IST" duration-ms="76154">
      <class name="testCases.clients.Tawal.TheSiteActivity">
        <test-method is-config="true" signature="checkFolderAndCreate()[pri:0, instance:testCases.clients.Tawal.TheSiteActivity@21d1b321]" started-at="2026-02-15T20:03:57 IST" name="checkFolderAndCreate" finished-at="2026-02-15T20:03:57 IST" duration-ms="48" status="PASS">
          <reporter-output>
          </reporter-output>
        </test-method> <!-- checkFolderAndCreate -->
        <test-method is-config="true" signature="cleanAllureResults()[pri:0, instance:testCases.clients.Tawal.TheSiteActivity@21d1b321]" started-at="2026-02-15T20:03:57 IST" name="cleanAllureResults" finished-at="2026-02-15T20:03:57 IST" duration-ms="15" status="PASS">
          <reporter-output>
          </reporter-output>
        </test-method> <!-- cleanAllureResults -->
        <test-method is-config="true" signature="cleanDownloadExcelFile()[pri:0, instance:testCases.clients.Tawal.TheSiteActivity@21d1b321]" started-at="2026-02-15T20:03:57 IST" name="cleanDownloadExcelFile" finished-at="2026-02-15T20:03:57 IST" duration-ms="5" status="PASS">
          <reporter-output>
          </reporter-output>
        </test-method> <!-- cleanDownloadExcelFile -->
        <test-method is-config="true" signature="cleanReports()[pri:0, instance:testCases.clients.Tawal.TheSiteActivity@21d1b321]" started-at="2026-02-15T20:03:57 IST" name="cleanReports" finished-at="2026-02-15T20:03:57 IST" duration-ms="4" status="PASS">
          <reporter-output>
          </reporter-output>
        </test-method> <!-- cleanReports -->
        <test-method signature="testLogin(java.lang.String,java.lang.String,java.lang.String)[pri:1, instance:testCases.clients.Tawal.TheSiteActivity@21d1b321]" started-at="2026-02-15T20:03:59 IST" name="testLogin" data-provider="dataproTawalPM" finished-at="2026-02-15T20:04:22 IST" duration-ms="22808" status="PASS">
          <params>
            <param index="0">
              <value>
                <![CDATA[Tawal]]>
              </value>
            </param>
            <param index="1">
              <value>
                <![CDATA[superadmin]]>
              </value>
            </param>
            <param index="2">
              <value>
                <![CDATA[m]]>
              </value>
            </param>
          </params>
          <reporter-output>
          </reporter-output>
        </test-method> <!-- testLogin -->
        <test-method signature="bulkUploadSchedulePMActivity(java.lang.String)[pri:13, instance:testCases.clients.Tawal.TheSiteActivity@21d1b321]" started-at="2026-02-15T20:04:22 IST" name="bulkUploadSchedulePMActivity" data-provider="dataproTawalPM" finished-at="2026-02-15T20:05:13 IST" depends-on-methods="testCases.clients.Tawal.TheSiteActivity.testLogin" duration-ms="51003" status="PASS">
          <params>
            <param index="0">
              <value>
                <![CDATA[1000101]]>
              </value>
            </param>
          </params>
          <reporter-output>
          </reporter-output>
        </test-method> <!-- bulkUploadSchedulePMActivity -->
        <test-method is-config="true" signature="backupAllFiles()[pri:0, instance:testCases.clients.Tawal.TheSiteActivity@21d1b321]" started-at="2026-02-15T20:05:14 IST" name="backupAllFiles" finished-at="2026-02-15T20:05:14 IST" duration-ms="12" status="PASS">
          <reporter-output>
          </reporter-output>
        </test-method> <!-- backupAllFiles -->
        <test-method is-config="true" signature="generateStaticAllureReport()[pri:0, instance:testCases.clients.Tawal.TheSiteActivity@21d1b321]" started-at="2026-02-15T20:05:14 IST" name="generateStaticAllureReport" finished-at="2026-02-15T20:05:20 IST" duration-ms="6045" status="PASS">
          <reporter-output>
          </reporter-output>
        </test-method> <!-- generateStaticAllureReport -->
      </class> <!-- testCases.clients.Tawal.TheSiteActivity -->
    </test> <!-- Default test -->
  </suite> <!-- Default suite -->
</testng-results>
