<?xml version="1.0" encoding="UTF-8"?>
<testng-results ignored="24" total="27" passed="3" failed="0" skipped="0">
  <reporter-output>
  </reporter-output>
  <suite started-at="2026-02-04T13:06:50 IST" name="Default suite" finished-at="2026-02-04T13:07:23 IST" duration-ms="33084">
    <groups>
    </groups>
    <test started-at="2026-02-04T13:06:50 IST" name="Default test" finished-at="2026-02-04T13:07:23 IST" duration-ms="33084">
      <class name="testCases.clients.Tawal.TheTroubleTicketing">
        <test-method is-config="true" signature="checkFolderAndCreate()[pri:0, instance:testCases.clients.Tawal.TheTroubleTicketing@6b2e0f78]" started-at="2026-02-04T13:06:50 IST" name="checkFolderAndCreate" finished-at="2026-02-04T13:06:50 IST" duration-ms="25" status="PASS">
          <reporter-output>
          </reporter-output>
        </test-method> <!-- checkFolderAndCreate -->
        <test-method is-config="true" signature="cleanAllureResults()[pri:0, instance:testCases.clients.Tawal.TheTroubleTicketing@6b2e0f78]" started-at="2026-02-04T13:06:50 IST" name="cleanAllureResults" finished-at="2026-02-04T13:06:50 IST" duration-ms="9" status="PASS">
          <reporter-output>
          </reporter-output>
        </test-method> <!-- cleanAllureResults -->
        <test-method is-config="true" signature="cleanDownloadExcelFile()[pri:0, instance:testCases.clients.Tawal.TheTroubleTicketing@6b2e0f78]" started-at="2026-02-04T13:06:50 IST" name="cleanDownloadExcelFile" finished-at="2026-02-04T13:06:50 IST" duration-ms="3" status="PASS">
          <reporter-output>
          </reporter-output>
        </test-method> <!-- cleanDownloadExcelFile -->
        <test-method is-config="true" signature="cleanReports()[pri:0, instance:testCases.clients.Tawal.TheTroubleTicketing@6b2e0f78]" started-at="2026-02-04T13:06:50 IST" name="cleanReports" finished-at="2026-02-04T13:06:50 IST" duration-ms="1" status="PASS">
          <reporter-output>
          </reporter-output>
        </test-method> <!-- cleanReports -->
        <test-method signature="aVerifySetup(java.lang.String)[pri:1, instance:testCases.clients.Tawal.TheTroubleTicketing@6b2e0f78]" started-at="2026-02-04T13:06:51 IST" name="aVerifySetup" data-provider="dataproTawal" finished-at="2026-02-04T13:06:54 IST" duration-ms="2490" status="PASS">
          <params>
            <param index="0">
              <value>
                <![CDATA[Tawal]]>
              </value>
            </param>
          </params>
          <reporter-output>
          </reporter-output>
        </test-method> <!-- aVerifySetup -->
        <test-method signature="testLogin(java.lang.String,java.lang.String)[pri:1, instance:testCases.clients.Tawal.TheTroubleTicketing@6b2e0f78]" started-at="2026-02-04T13:06:54 IST" name="testLogin" data-provider="dataproTawal" finished-at="2026-02-04T13:06:57 IST" duration-ms="3811" status="PASS">
          <params>
            <param index="0">
              <value>
                <![CDATA[superadmin]]>
              </value>
            </param>
            <param index="1">
              <value>
                <![CDATA[m]]>
              </value>
            </param>
          </params>
          <reporter-output>
          </reporter-output>
        </test-method> <!-- testLogin -->
        <test-method signature="RMSDataOnAlarmNameColumn(java.lang.String,java.lang.String)[pri:17, instance:testCases.clients.Tawal.TheTroubleTicketing@6b2e0f78]" started-at="2026-02-04T13:06:57 IST" name="RMSDataOnAlarmNameColumn" data-provider="dataproTawal" finished-at="2026-02-04T13:07:23 IST" depends-on-methods="testCases.clients.Tawal.TheTroubleTicketing.aVerifySetup, testCases.clients.Tawal.TheTroubleTicketing.testLogin" duration-ms="25606" status="PASS">
          <params>
            <param index="0">
              <value>
                <![CDATA[TT00709198]]>
              </value>
            </param>
            <param index="1">
              <value>
                <![CDATA[Manual]]>
              </value>
            </param>
          </params>
          <reporter-output>
          </reporter-output>
        </test-method> <!-- RMSDataOnAlarmNameColumn -->
        <test-method is-config="true" signature="backupAllFiles()[pri:0, instance:testCases.clients.Tawal.TheTroubleTicketing@6b2e0f78]" started-at="2026-02-04T13:07:23 IST" name="backupAllFiles" finished-at="2026-02-04T13:07:23 IST" duration-ms="15" status="PASS">
          <reporter-output>
          </reporter-output>
        </test-method> <!-- backupAllFiles -->
        <test-method is-config="true" signature="generateStaticAllureReport()[pri:0, instance:testCases.clients.Tawal.TheTroubleTicketing@6b2e0f78]" started-at="2026-02-04T13:07:23 IST" name="generateStaticAllureReport" finished-at="2026-02-04T13:07:26 IST" duration-ms="3088" status="PASS">
          <reporter-output>
          </reporter-output>
        </test-method> <!-- generateStaticAllureReport -->
      </class> <!-- testCases.clients.Tawal.TheTroubleTicketing -->
    </test> <!-- Default test -->
  </suite> <!-- Default suite -->
</testng-results>
