<?xml version="1.0" encoding="UTF-8"?>
<!-- Generated by org.testng.reporters.JUnitXMLReporter -->
<testsuite ignored="26" hostname="IZLAP2023-040" failures="1" tests="1" name="Run Test Script For Resolved The RTTS ticket After Reject From Postman " time="32.537" errors="0" timestamp="2026-02-03T17:11:04 IST">
  <testcase classname="testCases.clients.Tawal.TheTroubleTicketing" name="verifyResolvedTheRTTSticket" time="32.332">
    <failure type="java.lang.AssertionError" message="expected [true] but found [false]">
      <![CDATA[java.lang.AssertionError: expected [true] but found [false]
at pages.iTower_Tawal.TroubleTicketingPage.verifyResolvedTheRTTSticket(TroubleTicketingPage.java:3196)
at testCases.clients.Tawal.TheTroubleTicketing.verifyResolvedTheRTTSticket(TheTroubleTicketing.java:332)
at java.base/java.util.ArrayList.forEach(ArrayList.java:1597)
... Removed 29 stack frames]]>
    </failure>
  </testcase> <!-- verifyResolvedTheRTTSticket -->
  <testcase classname="testCases.clients.Tawal.TheTroubleTicketing" name="addTroubleTicket" time="0.0">
    <ignored/>
  </testcase> <!-- addTroubleTicket -->
  <testcase classname="testCases.clients.Tawal.TheTroubleTicketing" name="verifySaveFilter" time="0.0">
    <ignored/>
  </testcase> <!-- verifySaveFilter -->
  <testcase classname="testCases.clients.Tawal.TheTroubleTicketing" name="testFilterFunctionalitiesOnTroubleTicket" time="0.0">
    <ignored/>
  </testcase> <!-- testFilterFunctionalitiesOnTroubleTicket -->
  <testcase classname="testCases.clients.Tawal.TheTroubleTicketing" name="testLoginToAssignUser" time="0.0">
    <ignored/>
  </testcase> <!-- testLoginToAssignUser -->
  <testcase classname="testCases.clients.Tawal.TheTroubleTicketing" name="verifySiteIdAutoFilled" time="0.0">
    <ignored/>
  </testcase> <!-- verifySiteIdAutoFilled -->
  <testcase classname="testCases.clients.Tawal.TheTroubleTicketing" name="verifyTicketIsClosed" time="0.0">
    <ignored/>
  </testcase> <!-- verifyTicketIsClosed -->
  <testcase classname="testCases.clients.Tawal.TheTroubleTicketing" name="RMSDataOnAlarmNameColumn" time="0.0">
    <ignored/>
  </testcase> <!-- RMSDataOnAlarmNameColumn -->
  <testcase classname="testCases.clients.Tawal.TheTroubleTicketing" name="verifyResolvedToAssignStatus" time="0.0">
    <ignored/>
  </testcase> <!-- verifyResolvedToAssignStatus -->
  <testcase classname="testCases.clients.Tawal.TheTroubleTicketing" name="sortingFunctionalitiesOnDataGridUI" time="0.0">
    <ignored/>
  </testcase> <!-- sortingFunctionalitiesOnDataGridUI -->
  <testcase classname="testCases.clients.Tawal.TheTroubleTicketing" name="verifyWildSearch" time="0.0">
    <ignored/>
  </testcase> <!-- verifyWildSearch -->
  <testcase classname="testCases.clients.Tawal.TheTroubleTicketing" name="distanceValueBasedOnUserLatAndUserLong" time="0.0">
    <ignored/>
  </testcase> <!-- distanceValueBasedOnUserLatAndUserLong -->
  <testcase classname="testCases.clients.Tawal.TheTroubleTicketing" name="verifyAssignRTTSToInProgress" time="0.0">
    <ignored/>
  </testcase> <!-- verifyAssignRTTSToInProgress -->
  <testcase classname="testCases.clients.Tawal.TheTroubleTicketing" name="verifyDataInSLAReport" time="0.0">
    <ignored/>
  </testcase> <!-- verifyDataInSLAReport -->
  <testcase classname="testCases.clients.Tawal.TheTroubleTicketing" name="testLoginToReassignUser" time="0.0">
    <ignored/>
  </testcase> <!-- testLoginToReassignUser -->
  <testcase classname="testCases.clients.Tawal.TheTroubleTicketing" name="testLogin" time="0.0">
    <ignored/>
  </testcase> <!-- testLogin -->
  <testcase classname="testCases.clients.Tawal.TheTroubleTicketing" name="bulkUploadTroubleTicket" time="0.0">
    <ignored/>
  </testcase> <!-- bulkUploadTroubleTicket -->
  <testcase classname="testCases.clients.Tawal.TheTroubleTicketing" name="updateETAndETR" time="0.0">
    <ignored/>
  </testcase> <!-- updateETAndETR -->
  <testcase classname="testCases.clients.Tawal.TheTroubleTicketing" name="verifyClosedTheRTTSticket" time="0.0">
    <ignored/>
  </testcase> <!-- verifyClosedTheRTTSticket -->
  <testcase classname="testCases.clients.Tawal.TheTroubleTicketing" name="verifyRefreshButton" time="0.0">
    <ignored/>
  </testcase> <!-- verifyRefreshButton -->
  <testcase classname="testCases.clients.Tawal.TheTroubleTicketing" name="verifyRestoreTheRTTSticket" time="0.0">
    <ignored/>
  </testcase> <!-- verifyRestoreTheRTTSticket -->
  <testcase classname="testCases.clients.Tawal.TheTroubleTicketing" name="paginationFunctionalitiesOnDataGridUI" time="0.0">
    <ignored/>
  </testcase> <!-- paginationFunctionalitiesOnDataGridUI -->
  <testcase classname="testCases.clients.Tawal.TheTroubleTicketing" name="verifyReferredRTTStoAssign" time="0.0">
    <ignored/>
  </testcase> <!-- verifyReferredRTTStoAssign -->
  <testcase classname="testCases.clients.Tawal.TheTroubleTicketing" name="aVerifySetup" time="0.0">
    <ignored/>
  </testcase> <!-- aVerifySetup -->
  <testcase classname="testCases.clients.Tawal.TheTroubleTicketing" name="verifyFullScreenMode" time="0.0">
    <ignored/>
  </testcase> <!-- verifyFullScreenMode -->
  <testcase classname="testCases.clients.Tawal.TheTroubleTicketing" name="testLoginToTTclosureOrCreater" time="0.0">
    <ignored/>
  </testcase> <!-- testLoginToTTclosureOrCreater -->
  <testcase classname="testCases.clients.Tawal.TheTroubleTicketing" name="verifyTicketIsResolved" time="0.0">
    <ignored/>
  </testcase> <!-- verifyTicketIsResolved -->
</testsuite> <!-- Run Test Script For Resolved The RTTS ticket After Reject From Postman  -->
