<?xml version="1.0" encoding="UTF-8"?>
<!-- Generated by org.testng.reporters.JUnitXMLReporter -->
<testsuite ignored="3" hostname="IZLAP2023-040" failures="1" tests="2" name="Run Test Script For closure will be done from RTTS From Postman " time="0.701" errors="0" timestamp="2026-02-03T17:11:05 IST">
  <testcase classname="testCases.clients.Tawal.TheTroubleTicketAPI" name="getTokenAPI" time="0.045"/>
  <testcase classname="testCases.clients.Tawal.TheTroubleTicketAPI" name="TicketUpdateToClose" time="0.481">
    <failure type="java.lang.AssertionError" message="expected [Success] but found [Failed]">
      <![CDATA[java.lang.AssertionError: expected [Success] but found [Failed]
at testCases.clients.Tawal.TheTroubleTicketAPI.TicketUpdateToClose(TheTroubleTicketAPI.java:159)
at java.base/java.util.ArrayList.forEach(ArrayList.java:1597)
... Removed 31 stack frames]]>
    </failure>
  </testcase> <!-- TicketUpdateToClose -->
  <testcase classname="testCases.clients.Tawal.TheTroubleTicketAPI" name="ticketCreationAPI" time="0.0">
    <ignored/>
  </testcase> <!-- ticketCreationAPI -->
  <testcase classname="testCases.clients.Tawal.TheTroubleTicketAPI" name="TicketUpdateToApprove" time="0.0">
    <ignored/>
  </testcase> <!-- TicketUpdateToApprove -->
  <testcase classname="testCases.clients.Tawal.TheTroubleTicketAPI" name="TicketUpdateToReject" time="0.0">
    <ignored/>
  </testcase> <!-- TicketUpdateToReject -->
</testsuite> <!-- Run Test Script For closure will be done from RTTS From Postman  -->
