<?xml version="1.0" encoding="UTF-8"?>
<!-- Generated by org.testng.reporters.JUnitXMLReporter -->
<testsuite ignored="3" hostname="IZLAP2023-040" failures="0" tests="2" name="Run Test script for Reject RTTS Ticket from Postman" time="22.932" errors="0" timestamp="2026-02-04T12:47:31 IST">
  <testcase classname="testCases.clients.Tawal.TheTroubleTicketAPI" name="getTokenAPI" time="0.078"/>
  <testcase classname="testCases.clients.Tawal.TheTroubleTicketAPI" name="TicketUpdateToReject" time="22.802"/>
  <testcase classname="testCases.clients.Tawal.TheTroubleTicketAPI" name="TicketUpdateToClose" time="0.0">
    <ignored/>
  </testcase> <!-- TicketUpdateToClose -->
  <testcase classname="testCases.clients.Tawal.TheTroubleTicketAPI" name="TicketUpdateToApprove" time="0.0">
    <ignored/>
  </testcase> <!-- TicketUpdateToApprove -->
  <testcase classname="testCases.clients.Tawal.TheTroubleTicketAPI" name="ticketCreationAPI" time="0.0">
    <ignored/>
  </testcase> <!-- ticketCreationAPI -->
</testsuite> <!-- Run Test script for Reject RTTS Ticket from Postman -->
