<?xml version="1.0" encoding="UTF-8"?>
<!-- Generated by org.testng.reporters.JUnitXMLReporter -->
<testsuite ignored="2" hostname="IZLAP2023-040" failures="2" tests="27" name="Run Test script for Trouble Ticketing" time="847.334" errors="0" timestamp="2026-02-03T17:09:10 IST">
  <testcase classname="testCases.clients.Tawal.TheTroubleTicketing" name="aVerifySetup" time="2.201"/>
  <testcase classname="testCases.clients.Tawal.TheTroubleTicketing" name="testLogin" time="2.797"/>
  <testcase classname="testCases.clients.Tawal.TheTroubleTicketing" name="verifySiteIdAutoFilled" time="20.508"/>
  <testcase classname="testCases.clients.Tawal.TheTroubleTicketing" name="addTroubleTicket" time="33.581"/>
  <testcase classname="testCases.clients.Tawal.TheTroubleTicketing" name="addTroubleTicket" time="42.049"/>
  <testcase classname="testCases.clients.Tawal.TheTroubleTicketing" name="testLoginToAssignUser" time="6.87"/>
  <testcase classname="testCases.clients.Tawal.TheTroubleTicketing" name="updateETAndETR" time="29.29"/>
  <testcase classname="testCases.clients.Tawal.TheTroubleTicketing" name="testLoginToReassignUser" time="6.742"/>
  <testcase classname="testCases.clients.Tawal.TheTroubleTicketing" name="verifyTicketIsResolved" time="92.337"/>
  <testcase classname="testCases.clients.Tawal.TheTroubleTicketing" name="verifyTicketIsResolved" time="117.445"/>
  <testcase classname="testCases.clients.Tawal.TheTroubleTicketing" name="testLoginToTTclosureOrCreater" time="11.74"/>
  <testcase classname="testCases.clients.Tawal.TheTroubleTicketing" name="verifyTicketIsClosed" time="30.108">
    <failure type="java.lang.AssertionError" message="expected [true] but found [false]">
      <![CDATA[java.lang.AssertionError: expected [true] but found [false]
at pages.iTower_Tawal.TroubleTicketingPage.handleClosedTicket(TroubleTicketingPage.java:1548)
at testCases.clients.Tawal.TheTroubleTicketing.verifyTicketIsClosed(TheTroubleTicketing.java:131)
at java.base/java.util.ArrayList.forEach(ArrayList.java:1597)
... Removed 29 stack frames]]>
    </failure>
  </testcase> <!-- verifyTicketIsClosed -->
  <testcase classname="testCases.clients.Tawal.TheTroubleTicketing" name="verifyResolvedToAssignStatus" time="50.302"/>
  <testcase classname="testCases.clients.Tawal.TheTroubleTicketing" name="sortingFunctionalitiesOnDataGridUI" time="36.324"/>
  <testcase classname="testCases.clients.Tawal.TheTroubleTicketing" name="paginationFunctionalitiesOnDataGridUI" time="21.227"/>
  <testcase classname="testCases.clients.Tawal.TheTroubleTicketing" name="testFilterFunctionalitiesOnTroubleTicket" time="28.672"/>
  <testcase classname="testCases.clients.Tawal.TheTroubleTicketing" name="verifySaveFilter" time="17.651"/>
  <testcase classname="testCases.clients.Tawal.TheTroubleTicketing" name="verifyRefreshButton" time="13.449"/>
  <testcase classname="testCases.clients.Tawal.TheTroubleTicketing" name="verifyFullScreenMode" time="7.22"/>
  <testcase classname="testCases.clients.Tawal.TheTroubleTicketing" name="RMSDataOnAlarmNameColumn" time="20.219">
    <failure type="org.openqa.selenium.ElementClickInterceptedException" message="element click intercepted: Element &amp;lt;input type=&amp;quot;text&amp;quot; id=&amp;quot;txtFromDate&amp;quot; placeholder=&amp;quot;From Date&amp;quot; class=&amp;quot;form-control&amp;quot; autocomplete=&amp;quot;off&amp;quot; style=&amp;quot;width: 150px&amp;quot; tabindex=&amp;quot;12&amp;quot;&amp;gt; is not clickable at point (1473, 180). Other element would receive the click: &amp;lt;div class=&amp;quot;outer-layout pt-2 ng-scope&amp;quot;&amp;gt;...&amp;lt;/div&amp;gt;
  (Session info: chrome=144.0.7559.110)
Build info: version: &amp;apos;4.35.0&amp;apos;, revision: &amp;apos;1c58e5028b&amp;apos;
System info: os.name: &amp;apos;Windows 11&amp;apos;, os.arch: &amp;apos;amd64&amp;apos;, os.version: &amp;apos;10.0&amp;apos;, java.version: &amp;apos;23.0.2&amp;apos;
Driver info: org.openqa.selenium.chrome.ChromeDriver
Command: [950262a57ba67bf7a5e00c04ce38c797, clickElement {id=f.D8D4084FBA93CBD71E74B1AB7453958B.d.B3943CDF6F5F79E0CE51AA4C08F0ECF0.e.18269}]
Capabilities {acceptInsecureCerts: true, browserName: chrome, browserVersion: 144.0.7559.110, chrome: {chromedriverVersion: 144.0.7559.109 (6a8d5e49388..., userDataDir: C:\Users\SAURAB~1.ING\AppDa...}, fedcm:accounts: true, goog:chromeOptions: {debuggerAddress: localhost:49693}, goog:processID: 24036, networkConnectionEnabled: false, pageLoadStrategy: normal, platformName: windows, proxy: Proxy(), se:cdp: ws://localhost:49693/devtoo..., se:cdpVersion: 144.0.7559.110, setWindowRect: true, strictFileInteractability: false, timeouts: {implicit: 0, pageLoad: 300000, script: 30000}, unhandledPromptBehavior: dismiss and notify, webauthn:extension:credBlob: true, webauthn:extension:largeBlob: true, webauthn:extension:minPinLength: true, webauthn:extension:prf: true, webauthn:virtualAuthenticators: true}
Element: [[ChromeDriver: chrome on windows (950262a57ba67bf7a5e00c04ce38c797)] -&amp;gt; id: txtFromDate]
Session ID: 950262a57ba67bf7a5e00c04ce38c797">
      <![CDATA[org.openqa.selenium.ElementClickInterceptedException: element click intercepted: Element <input type="text" id="txtFromDate" placeholder="From Date" class="form-control" autocomplete="off" style="width: 150px" tabindex="12"> is not clickable at point (1473, 180). Other element would receive the click: <div class="outer-layout pt-2 ng-scope">...</div>
  (Session info: chrome=144.0.7559.110)
Build info: version: '4.35.0', revision: '1c58e5028b'
System info: os.name: 'Windows 11', os.arch: 'amd64', os.version: '10.0', java.version: '23.0.2'
Driver info: org.openqa.selenium.chrome.ChromeDriver
Command: [950262a57ba67bf7a5e00c04ce38c797, clickElement {id=f.D8D4084FBA93CBD71E74B1AB7453958B.d.B3943CDF6F5F79E0CE51AA4C08F0ECF0.e.18269}]
Capabilities {acceptInsecureCerts: true, browserName: chrome, browserVersion: 144.0.7559.110, chrome: {chromedriverVersion: 144.0.7559.109 (6a8d5e49388..., userDataDir: C:\Users\SAURAB~1.ING\AppDa...}, fedcm:accounts: true, goog:chromeOptions: {debuggerAddress: localhost:49693}, goog:processID: 24036, networkConnectionEnabled: false, pageLoadStrategy: normal, platformName: windows, proxy: Proxy(), se:cdp: ws://localhost:49693/devtoo..., se:cdpVersion: 144.0.7559.110, setWindowRect: true, strictFileInteractability: false, timeouts: {implicit: 0, pageLoad: 300000, script: 30000}, unhandledPromptBehavior: dismiss and notify, webauthn:extension:credBlob: true, webauthn:extension:largeBlob: true, webauthn:extension:minPinLength: true, webauthn:extension:prf: true, webauthn:virtualAuthenticators: true}
Element: [[ChromeDriver: chrome on windows (950262a57ba67bf7a5e00c04ce38c797)] -> id: txtFromDate]
Session ID: 950262a57ba67bf7a5e00c04ce38c797
at org.openqa.selenium.remote.ErrorCodec.decode(ErrorCodec.java:167)
at org.openqa.selenium.remote.codec.w3c.W3CHttpResponseCodec.decode(W3CHttpResponseCodec.java:138)
at org.openqa.selenium.remote.codec.w3c.W3CHttpResponseCodec.decode(W3CHttpResponseCodec.java:50)
at org.openqa.selenium.remote.HttpCommandExecutor.execute(HttpCommandExecutor.java:215)
at org.openqa.selenium.remote.service.DriverCommandExecutor.invokeExecute(DriverCommandExecutor.java:216)
at org.openqa.selenium.remote.service.DriverCommandExecutor.execute(DriverCommandExecutor.java:174)
at org.openqa.selenium.remote.RemoteWebDriver.execute(RemoteWebDriver.java:557)
at org.openqa.selenium.remote.RemoteWebElement.execute(RemoteWebElement.java:223)
at org.openqa.selenium.remote.RemoteWebElement.click(RemoteWebElement.java:76)
at pages.AllClientsBasePages.BasePage.click(BasePage.java:232)
at pages.AllClientsBasePages.BasePage.handleCalenderOnTroubleTicket(BasePage.java:671)
at pages.iTower_Tawal.TroubleTicketingPage.RMSDataForTicketIdShouldReflectOnAlarmDescHover(TroubleTicketingPage.java:1990)
at testCases.clients.Tawal.TheTroubleTicketing.RMSDataOnAlarmNameColumn(TheTroubleTicketing.java:236)
at java.base/java.util.ArrayList.forEach(ArrayList.java:1597)
... Removed 28 stack frames]]>
    </failure>
  </testcase> <!-- RMSDataOnAlarmNameColumn -->
  <testcase classname="testCases.clients.Tawal.TheTroubleTicketing" name="verifyDataInSLAReport" time="11.164"/>
  <testcase classname="testCases.clients.Tawal.TheTroubleTicketing" name="verifyWildSearch" time="42.675"/>
  <testcase classname="testCases.clients.Tawal.TheTroubleTicketing" name="distanceValueBasedOnUserLatAndUserLong" time="43.134"/>
  <testcase classname="testCases.clients.Tawal.TheTroubleTicketing" name="bulkUploadTroubleTicket" time="23.585"/>
  <testcase classname="testCases.clients.Tawal.TheTroubleTicketing" name="verifyReferredRTTStoAssign" time="32.88"/>
  <testcase classname="testCases.clients.Tawal.TheTroubleTicketing" name="verifyAssignRTTSToInProgress" time="55.114"/>
  <testcase classname="testCases.clients.Tawal.TheTroubleTicketing" name="verifyRestoreTheRTTSticket" time="47.513"/>
  <testcase classname="testCases.clients.Tawal.TheTroubleTicketing" name="verifyClosedTheRTTSticket" time="0.0">
    <ignored/>
  </testcase> <!-- verifyClosedTheRTTSticket -->
  <testcase classname="testCases.clients.Tawal.TheTroubleTicketing" name="verifyResolvedTheRTTSticket" time="0.0">
    <ignored/>
  </testcase> <!-- verifyResolvedTheRTTSticket -->
</testsuite> <!-- Run Test script for Trouble Ticketing -->
