<?xml version="1.0" encoding="UTF-8"?>
<!-- Generated by org.testng.reporters.JUnitXMLReporter -->
<testsuite ignored="3" hostname="IZLAP2023-040" failures="0" tests="2" name="Run Test script for Add RTTS Ticket from Postman" time="3.485" errors="0" timestamp="2026-02-03T16:55:03 IST">
  <testcase classname="testCases.clients.Tawal.TheTroubleTicketAPI" name="getTokenAPI" time="1.911"/>
  <testcase classname="testCases.clients.Tawal.TheTroubleTicketAPI" name="ticketCreationAPI" time="0.056"/>
  <testcase classname="testCases.clients.Tawal.TheTroubleTicketAPI" name="TicketUpdateToReject" time="0.0">
    <ignored/>
  </testcase> <!-- TicketUpdateToReject -->
  <testcase classname="testCases.clients.Tawal.TheTroubleTicketAPI" name="TicketUpdateToClose" time="0.0">
    <ignored/>
  </testcase> <!-- TicketUpdateToClose -->
  <testcase classname="testCases.clients.Tawal.TheTroubleTicketAPI" name="TicketUpdateToApprove" time="0.0">
    <ignored/>
  </testcase> <!-- TicketUpdateToApprove -->
</testsuite> <!-- Run Test script for Add RTTS Ticket from Postman -->
