<?xml version="1.0" encoding="UTF-8"?>
<!-- Generated by org.testng.reporters.JUnitXMLReporter -->
<testsuite ignored="3" hostname="IZLAP2023-040" failures="0" tests="2" name="Run Test Script For After RTTS Ticket Restored then RTTS will Approve From Postman " time="18.538" errors="0" timestamp="2026-02-04T12:48:45 IST">
  <testcase classname="testCases.clients.Tawal.TheTroubleTicketAPI" name="getTokenAPI" time="0.06"/>
  <testcase classname="testCases.clients.Tawal.TheTroubleTicketAPI" name="TicketUpdateToApprove" time="18.452"/>
  <testcase classname="testCases.clients.Tawal.TheTroubleTicketAPI" name="ticketCreationAPI" time="0.0">
    <ignored/>
  </testcase> <!-- ticketCreationAPI -->
  <testcase classname="testCases.clients.Tawal.TheTroubleTicketAPI" name="TicketUpdateToReject" time="0.0">
    <ignored/>
  </testcase> <!-- TicketUpdateToReject -->
  <testcase classname="testCases.clients.Tawal.TheTroubleTicketAPI" name="TicketUpdateToClose" time="0.0">
    <ignored/>
  </testcase> <!-- TicketUpdateToClose -->
</testsuite> <!-- Run Test Script For After RTTS Ticket Restored then RTTS will Approve From Postman  -->
