<?xml version="1.0" encoding="UTF-8"?>
<!-- Generated by org.testng.reporters.JUnitReportReporter -->
<testsuite hostname="IZLAP2023-040" failures="0" tests="6" name="testCases.clients.Tawal.TheTroubleTicketing" time="31.907" errors="0" timestamp="2026-02-04T13:07:26 IST" skipped="3">
  <testcase classname="testCases.clients.Tawal.TheTroubleTicketing" name="aVerifySetup" time="2.490"/>
  <testcase classname="testCases.clients.Tawal.TheTroubleTicketing" name="testLogin" time="3.811"/>
  <testcase classname="testCases.clients.Tawal.TheTroubleTicketing" name="RMSDataOnAlarmNameColumn" time="25.606"/>
  <testcase classname="testCases.clients.Tawal.TheTroubleTicketing" name="testLoginToAssignUser">
    <skipped/>
  </testcase> <!-- testLoginToAssignUser -->
  <testcase classname="testCases.clients.Tawal.TheTroubleTicketing" name="testLoginToReassignUser">
    <skipped/>
  </testcase> <!-- testLoginToReassignUser -->
  <testcase classname="testCases.clients.Tawal.TheTroubleTicketing" name="testLoginToTTclosureOrCreater">
    <skipped/>
  </testcase> <!-- testLoginToTTclosureOrCreater -->
</testsuite> <!-- testCases.clients.Tawal.TheTroubleTicketing -->
