<?xml version="1.0" encoding="UTF-8"?>
<!-- Generated by org.testng.reporters.JUnitReportReporter -->
<testsuite hostname="IZLAP2023-040" failures="0" tests="2" name="testCases.clients.Tawal.TheSiteActivity" time="73.811" errors="0" timestamp="2026-02-15T20:05:20 IST" skipped="0">
  <testcase classname="testCases.clients.Tawal.TheSiteActivity" name="testLogin" time="22.808"/>
  <testcase classname="testCases.clients.Tawal.TheSiteActivity" name="bulkUploadSchedulePMActivity" time="51.003"/>
</testsuite> <!-- testCases.clients.Tawal.TheSiteActivity -->
