<?xml version="1.0" encoding="UTF-8"?>
<!-- Generated by org.testng.reporters.JUnitXMLReporter -->
<testsuite ignored="0" hostname="IZLAP2023-040" failures="3" tests="7" name="Run Test script for Trouble Ticketing " time="160.075" errors="0" timestamp="2026-01-22T16:03:27 IST">
  <testcase classname="testCases.clients.Tawal.TheTroubleTicketing" name="testLogin" time="9.194"/>
  <testcase classname="testCases.clients.Tawal.TheTroubleTicketing" name="addTroubleTicket" time="17.386">
    <failure type="org.openqa.selenium.InvalidArgumentException" message="invalid argument: File not found : C:\Users\saurabh.ingulkar\eclipse-workspace\Tawal_Client_Automation_Project\src\main\resources\iTower_Clients_Excel\excel_MAST\AddTicket.xlsx
  (Session info: chrome=144.0.7559.59)
Build info: version: &amp;apos;4.35.0&amp;apos;, revision: &amp;apos;1c58e5028b&amp;apos;
System info: os.name: &amp;apos;Windows 11&amp;apos;, os.arch: &amp;apos;amd64&amp;apos;, os.version: &amp;apos;10.0&amp;apos;, java.version: &amp;apos;17.0.12&amp;apos;
Driver info: org.openqa.selenium.chrome.ChromeDriver
Command: [3a3305871aff034a8580423c9b6a5d92, sendKeysToElement {id=f.B547FE1A2FEE399BA0ADA1B415BCF7CD.d.27A5E9ACC9B4CE07C3C0BF67ED2385C4.e.2109, value=[Ljava.lang.CharSequence;@5c13af01}]
Capabilities {acceptInsecureCerts: true, browserName: chrome, browserVersion: 144.0.7559.59, chrome: {chromedriverVersion: 144.0.7559.96 (d7b80622cfab..., userDataDir: C:\Users\SAURAB~1.ING\AppDa...}, fedcm:accounts: true, goog:chromeOptions: {debuggerAddress: localhost:51731}, goog:processID: 40604, networkConnectionEnabled: false, pageLoadStrategy: normal, platformName: windows, proxy: Proxy(), se:cdp: ws://localhost:51731/devtoo..., se:cdpVersion: 144.0.7559.59, setWindowRect: true, strictFileInteractability: false, timeouts: {implicit: 0, pageLoad: 300000, script: 30000}, unhandledPromptBehavior: dismiss and notify, webauthn:extension:credBlob: true, webauthn:extension:largeBlob: true, webauthn:extension:minPinLength: true, webauthn:extension:prf: true, webauthn:virtualAuthenticators: true}
Element: [[ChromeDriver: chrome on windows (3a3305871aff034a8580423c9b6a5d92)] -&amp;gt; xpath: //input[@id=&amp;apos;fileToUpload&amp;apos;]]
Session ID: 3a3305871aff034a8580423c9b6a5d92">
      <![CDATA[org.openqa.selenium.InvalidArgumentException: invalid argument: File not found : C:\Users\saurabh.ingulkar\eclipse-workspace\Tawal_Client_Automation_Project\src\main\resources\iTower_Clients_Excel\excel_MAST\AddTicket.xlsx
  (Session info: chrome=144.0.7559.59)
Build info: version: '4.35.0', revision: '1c58e5028b'
System info: os.name: 'Windows 11', os.arch: 'amd64', os.version: '10.0', java.version: '17.0.12'
Driver info: org.openqa.selenium.chrome.ChromeDriver
Command: [3a3305871aff034a8580423c9b6a5d92, sendKeysToElement {id=f.B547FE1A2FEE399BA0ADA1B415BCF7CD.d.27A5E9ACC9B4CE07C3C0BF67ED2385C4.e.2109, value=[Ljava.lang.CharSequence;@5c13af01}]
Capabilities {acceptInsecureCerts: true, browserName: chrome, browserVersion: 144.0.7559.59, chrome: {chromedriverVersion: 144.0.7559.96 (d7b80622cfab..., userDataDir: C:\Users\SAURAB~1.ING\AppDa...}, fedcm:accounts: true, goog:chromeOptions: {debuggerAddress: localhost:51731}, goog:processID: 40604, networkConnectionEnabled: false, pageLoadStrategy: normal, platformName: windows, proxy: Proxy(), se:cdp: ws://localhost:51731/devtoo..., se:cdpVersion: 144.0.7559.59, setWindowRect: true, strictFileInteractability: false, timeouts: {implicit: 0, pageLoad: 300000, script: 30000}, unhandledPromptBehavior: dismiss and notify, webauthn:extension:credBlob: true, webauthn:extension:largeBlob: true, webauthn:extension:minPinLength: true, webauthn:extension:prf: true, webauthn:virtualAuthenticators: true}
Element: [[ChromeDriver: chrome on windows (3a3305871aff034a8580423c9b6a5d92)] -> xpath: //input[@id='fileToUpload']]
Session ID: 3a3305871aff034a8580423c9b6a5d92
at org.openqa.selenium.remote.ErrorCodec.decode(ErrorCodec.java:167)
at org.openqa.selenium.remote.codec.w3c.W3CHttpResponseCodec.decode(W3CHttpResponseCodec.java:138)
at org.openqa.selenium.remote.codec.w3c.W3CHttpResponseCodec.decode(W3CHttpResponseCodec.java:50)
at org.openqa.selenium.remote.HttpCommandExecutor.execute(HttpCommandExecutor.java:215)
at org.openqa.selenium.remote.service.DriverCommandExecutor.invokeExecute(DriverCommandExecutor.java:216)
at org.openqa.selenium.remote.service.DriverCommandExecutor.execute(DriverCommandExecutor.java:174)
at org.openqa.selenium.remote.RemoteWebDriver.execute(RemoteWebDriver.java:557)
at org.openqa.selenium.remote.RemoteWebElement.execute(RemoteWebElement.java:223)
at org.openqa.selenium.remote.RemoteWebElement.sendKeys(RemoteWebElement.java:110)
at pages.AllClientsBasePages.BasePage.uploadExcel(BasePage.java:559)
at pages.AllClientsBasePages.BasePage.uploadThexlsxFile(BasePage.java:1510)
at pages.iTower_Tawal.TroubleTicketingPage.addNewTroubleTicket(TroubleTicketingPage.java:152)
at testCases.clients.Tawal.TheTroubleTicketing.addTroubleTicket(TheTroubleTicketing.java:44)
at java.base/java.util.ArrayList.forEach(ArrayList.java:1511)
... Removed 36 stack frames]]>
    </failure>
  </testcase> <!-- addTroubleTicket -->
  <testcase classname="testCases.clients.Tawal.TheTroubleTicketing" name="updateETAndETR" time="31.047"/>
  <testcase classname="testCases.clients.Tawal.TheTroubleTicketing" name="addSparePartWhileRT" time="7.079">
    <failure type="org.openqa.selenium.ElementClickInterceptedException" message="element click intercepted: Element &amp;lt;input type=&amp;quot;button&amp;quot; ng-click=&amp;quot;btnFilterReport($event, 0)&amp;quot; class=&amp;quot;btn btn-primary&amp;quot; id=&amp;quot;btnFilterReport&amp;quot; value=&amp;quot;Filter Report&amp;quot; tabindex=&amp;quot;15&amp;quot;&amp;gt; is not clickable at point (80, 180). Other element would receive the click: &amp;lt;div class=&amp;quot;outer-layout pt-2 ng-scope&amp;quot;&amp;gt;...&amp;lt;/div&amp;gt;
  (Session info: chrome=144.0.7559.59)
Build info: version: &amp;apos;4.35.0&amp;apos;, revision: &amp;apos;1c58e5028b&amp;apos;
System info: os.name: &amp;apos;Windows 11&amp;apos;, os.arch: &amp;apos;amd64&amp;apos;, os.version: &amp;apos;10.0&amp;apos;, java.version: &amp;apos;17.0.12&amp;apos;
Driver info: org.openqa.selenium.chrome.ChromeDriver
Command: [3a3305871aff034a8580423c9b6a5d92, clickElement {id=f.BBE3BFA48F24FA4B4669ACFC37FD9681.d.02B8D468428774E9208519126275A36D.e.3414}]
Capabilities {acceptInsecureCerts: true, browserName: chrome, browserVersion: 144.0.7559.59, chrome: {chromedriverVersion: 144.0.7559.96 (d7b80622cfab..., userDataDir: C:\Users\SAURAB~1.ING\AppDa...}, fedcm:accounts: true, goog:chromeOptions: {debuggerAddress: localhost:51731}, goog:processID: 40604, networkConnectionEnabled: false, pageLoadStrategy: normal, platformName: windows, proxy: Proxy(), se:cdp: ws://localhost:51731/devtoo..., se:cdpVersion: 144.0.7559.59, setWindowRect: true, strictFileInteractability: false, timeouts: {implicit: 0, pageLoad: 300000, script: 30000}, unhandledPromptBehavior: dismiss and notify, webauthn:extension:credBlob: true, webauthn:extension:largeBlob: true, webauthn:extension:minPinLength: true, webauthn:extension:prf: true, webauthn:virtualAuthenticators: true}
Element: [[ChromeDriver: chrome on windows (3a3305871aff034a8580423c9b6a5d92)] -&amp;gt; xpath: //input[@id=&amp;quot;btnFilterReport&amp;quot;]]
Session ID: 3a3305871aff034a8580423c9b6a5d92">
      <![CDATA[org.openqa.selenium.ElementClickInterceptedException: element click intercepted: Element <input type="button" ng-click="btnFilterReport($event, 0)" class="btn btn-primary" id="btnFilterReport" value="Filter Report" tabindex="15"> is not clickable at point (80, 180). Other element would receive the click: <div class="outer-layout pt-2 ng-scope">...</div>
  (Session info: chrome=144.0.7559.59)
Build info: version: '4.35.0', revision: '1c58e5028b'
System info: os.name: 'Windows 11', os.arch: 'amd64', os.version: '10.0', java.version: '17.0.12'
Driver info: org.openqa.selenium.chrome.ChromeDriver
Command: [3a3305871aff034a8580423c9b6a5d92, clickElement {id=f.BBE3BFA48F24FA4B4669ACFC37FD9681.d.02B8D468428774E9208519126275A36D.e.3414}]
Capabilities {acceptInsecureCerts: true, browserName: chrome, browserVersion: 144.0.7559.59, chrome: {chromedriverVersion: 144.0.7559.96 (d7b80622cfab..., userDataDir: C:\Users\SAURAB~1.ING\AppDa...}, fedcm:accounts: true, goog:chromeOptions: {debuggerAddress: localhost:51731}, goog:processID: 40604, networkConnectionEnabled: false, pageLoadStrategy: normal, platformName: windows, proxy: Proxy(), se:cdp: ws://localhost:51731/devtoo..., se:cdpVersion: 144.0.7559.59, setWindowRect: true, strictFileInteractability: false, timeouts: {implicit: 0, pageLoad: 300000, script: 30000}, unhandledPromptBehavior: dismiss and notify, webauthn:extension:credBlob: true, webauthn:extension:largeBlob: true, webauthn:extension:minPinLength: true, webauthn:extension:prf: true, webauthn:virtualAuthenticators: true}
Element: [[ChromeDriver: chrome on windows (3a3305871aff034a8580423c9b6a5d92)] -> xpath: //input[@id="btnFilterReport"]]
Session ID: 3a3305871aff034a8580423c9b6a5d92
at org.openqa.selenium.remote.ErrorCodec.decode(ErrorCodec.java:167)
at org.openqa.selenium.remote.codec.w3c.W3CHttpResponseCodec.decode(W3CHttpResponseCodec.java:138)
at org.openqa.selenium.remote.codec.w3c.W3CHttpResponseCodec.decode(W3CHttpResponseCodec.java:50)
at org.openqa.selenium.remote.HttpCommandExecutor.execute(HttpCommandExecutor.java:215)
at org.openqa.selenium.remote.service.DriverCommandExecutor.invokeExecute(DriverCommandExecutor.java:216)
at org.openqa.selenium.remote.service.DriverCommandExecutor.execute(DriverCommandExecutor.java:174)
at org.openqa.selenium.remote.RemoteWebDriver.execute(RemoteWebDriver.java:557)
at org.openqa.selenium.remote.RemoteWebElement.execute(RemoteWebElement.java:223)
at org.openqa.selenium.remote.RemoteWebElement.click(RemoteWebElement.java:76)
at pages.AllClientsBasePages.BasePage.click(BasePage.java:234)
at pages.iTower_Tawal.TroubleTicketingPage.handleResolvedTicket(TroubleTicketingPage.java:1687)
at testCases.clients.Tawal.TheTroubleTicketing.addSparePartWhileRT(TheTroubleTicketing.java:71)
at java.base/java.util.ArrayList.forEach(ArrayList.java:1511)
... Removed 36 stack frames]]>
    </failure>
  </testcase> <!-- addSparePartWhileRT -->
  <testcase classname="testCases.clients.Tawal.TheTroubleTicketing" name="addChildTicketWhileClosingT" time="25.936">
    <failure type="org.openqa.selenium.InvalidArgumentException" message="invalid argument: File not found : C:\Users\saurabh.ingulkar\eclipse-workspace\Tawal_Client_Automation_Project\src\main\resources\iTower_Clients_Excel\excel_MAST\AddTicket.png
  (Session info: chrome=144.0.7559.59)
Build info: version: &amp;apos;4.35.0&amp;apos;, revision: &amp;apos;1c58e5028b&amp;apos;
System info: os.name: &amp;apos;Windows 11&amp;apos;, os.arch: &amp;apos;amd64&amp;apos;, os.version: &amp;apos;10.0&amp;apos;, java.version: &amp;apos;17.0.12&amp;apos;
Driver info: org.openqa.selenium.chrome.ChromeDriver
Command: [3a3305871aff034a8580423c9b6a5d92, sendKeysToElement {id=f.92872B272FEC4C4E3E7C8F053DF38558.d.BC94D160AB359879D0FF2FDCBB8FFD67.e.4354, value=[Ljava.lang.CharSequence;@77226121}]
Capabilities {acceptInsecureCerts: true, browserName: chrome, browserVersion: 144.0.7559.59, chrome: {chromedriverVersion: 144.0.7559.96 (d7b80622cfab..., userDataDir: C:\Users\SAURAB~1.ING\AppDa...}, fedcm:accounts: true, goog:chromeOptions: {debuggerAddress: localhost:51731}, goog:processID: 40604, networkConnectionEnabled: false, pageLoadStrategy: normal, platformName: windows, proxy: Proxy(), se:cdp: ws://localhost:51731/devtoo..., se:cdpVersion: 144.0.7559.59, setWindowRect: true, strictFileInteractability: false, timeouts: {implicit: 0, pageLoad: 300000, script: 30000}, unhandledPromptBehavior: dismiss and notify, webauthn:extension:credBlob: true, webauthn:extension:largeBlob: true, webauthn:extension:minPinLength: true, webauthn:extension:prf: true, webauthn:virtualAuthenticators: true}
Element: [[ChromeDriver: chrome on windows (3a3305871aff034a8580423c9b6a5d92)] -&amp;gt; xpath: //input[@id=&amp;apos;fileToUpload&amp;apos;]]
Session ID: 3a3305871aff034a8580423c9b6a5d92">
      <![CDATA[org.openqa.selenium.InvalidArgumentException: invalid argument: File not found : C:\Users\saurabh.ingulkar\eclipse-workspace\Tawal_Client_Automation_Project\src\main\resources\iTower_Clients_Excel\excel_MAST\AddTicket.png
  (Session info: chrome=144.0.7559.59)
Build info: version: '4.35.0', revision: '1c58e5028b'
System info: os.name: 'Windows 11', os.arch: 'amd64', os.version: '10.0', java.version: '17.0.12'
Driver info: org.openqa.selenium.chrome.ChromeDriver
Command: [3a3305871aff034a8580423c9b6a5d92, sendKeysToElement {id=f.92872B272FEC4C4E3E7C8F053DF38558.d.BC94D160AB359879D0FF2FDCBB8FFD67.e.4354, value=[Ljava.lang.CharSequence;@77226121}]
Capabilities {acceptInsecureCerts: true, browserName: chrome, browserVersion: 144.0.7559.59, chrome: {chromedriverVersion: 144.0.7559.96 (d7b80622cfab..., userDataDir: C:\Users\SAURAB~1.ING\AppDa...}, fedcm:accounts: true, goog:chromeOptions: {debuggerAddress: localhost:51731}, goog:processID: 40604, networkConnectionEnabled: false, pageLoadStrategy: normal, platformName: windows, proxy: Proxy(), se:cdp: ws://localhost:51731/devtoo..., se:cdpVersion: 144.0.7559.59, setWindowRect: true, strictFileInteractability: false, timeouts: {implicit: 0, pageLoad: 300000, script: 30000}, unhandledPromptBehavior: dismiss and notify, webauthn:extension:credBlob: true, webauthn:extension:largeBlob: true, webauthn:extension:minPinLength: true, webauthn:extension:prf: true, webauthn:virtualAuthenticators: true}
Element: [[ChromeDriver: chrome on windows (3a3305871aff034a8580423c9b6a5d92)] -> xpath: //input[@id='fileToUpload']]
Session ID: 3a3305871aff034a8580423c9b6a5d92
at org.openqa.selenium.remote.ErrorCodec.decode(ErrorCodec.java:167)
at org.openqa.selenium.remote.codec.w3c.W3CHttpResponseCodec.decode(W3CHttpResponseCodec.java:138)
at org.openqa.selenium.remote.codec.w3c.W3CHttpResponseCodec.decode(W3CHttpResponseCodec.java:50)
at org.openqa.selenium.remote.HttpCommandExecutor.execute(HttpCommandExecutor.java:215)
at org.openqa.selenium.remote.service.DriverCommandExecutor.invokeExecute(DriverCommandExecutor.java:216)
at org.openqa.selenium.remote.service.DriverCommandExecutor.execute(DriverCommandExecutor.java:174)
at org.openqa.selenium.remote.RemoteWebDriver.execute(RemoteWebDriver.java:557)
at org.openqa.selenium.remote.RemoteWebElement.execute(RemoteWebElement.java:223)
at org.openqa.selenium.remote.RemoteWebElement.sendKeys(RemoteWebElement.java:110)
at pages.AllClientsBasePages.BasePage.uploadExcel(BasePage.java:559)
at pages.AllClientsBasePages.BasePage.uploadThepngFile(BasePage.java:1518)
at pages.iTower_Tawal.TroubleTicketingPage.handleClosedTicket(TroubleTicketingPage.java:1587)
at testCases.clients.Tawal.TheTroubleTicketing.addChildTicketWhileClosingT(TheTroubleTicketing.java:89)
at java.base/java.util.ArrayList.forEach(ArrayList.java:1511)
... Removed 36 stack frames]]>
    </failure>
  </testcase> <!-- addChildTicketWhileClosingT -->
  <testcase classname="testCases.clients.Tawal.TheTroubleTicketing" name="sortingFunctionalitiesOnDataGridUI" time="25.523"/>
  <testcase classname="testCases.clients.Tawal.TheTroubleTicketing" name="paginationFunctionalitiesOnDataGridUI" time="16.264"/>
</testsuite> <!-- Run Test script for Trouble Ticketing  -->
